[2019-05-03 10:34:26] App.DEBUG: App::__construct [] []
[2019-05-03 10:34:26] App.DEBUG: PDO::prepare ["SELECT * FROM `Config` "] []
[2019-05-03 10:34:26] App.DEBUG: PDO::query ["DESCRIBE `Config`"] []
[2019-05-03 10:34:26] App.DEBUG: PDO::query ["DESCRIBE `User`"] []
[2019-05-03 10:34:26] App.DEBUG: PDO::prepare ["SELECT * FROM `User`  WHERE (`user_id`=:user_id)"] []
[2019-05-03 10:34:26] App.DEBUG: PDO::prepare ["SELECT * FROM `SystemValue` "] []
[2019-05-03 10:34:26] App.DEBUG: PDO::query ["DESCRIBE `SystemValue`"] []
[2019-05-03 10:34:26] App.DEBUG: App::run [] []
[2019-05-03 10:34:26] App.DEBUG: App request uri:http://127.0.0.1/alt/ [] []
[2019-05-03 10:34:26] App.DEBUG: invoke page [] []
[2019-05-03 10:34:33] App.DEBUG: App::__construct [] []
[2019-05-03 10:34:33] App.DEBUG: PDO::prepare ["SELECT * FROM `Config` "] []
[2019-05-03 10:34:33] App.DEBUG: PDO::query ["DESCRIBE `Config`"] []
[2019-05-03 10:34:33] App.DEBUG: PDO::prepare ["SELECT * FROM `SystemValue` "] []
[2019-05-03 10:34:33] App.DEBUG: PDO::query ["DESCRIBE `SystemValue`"] []
[2019-05-03 10:34:33] App.DEBUG: App::run [] []
[2019-05-03 10:34:33] App.DEBUG: App request uri:http://127.0.0.1/alt/api [] []
[2019-05-03 10:34:33] App.DEBUG: invoke page [] []
[2019-05-03 10:34:33] App.DEBUG: PDO::prepare ["SELECT count(*) FROM `AuthLock`  WHERE (ip=?) AND (value>=3) AND (date_add(`time`,Interval 180 second) > now())"] []
[2019-05-03 10:34:33] App.DEBUG: PDO::prepare ["select user_id,password from User where username=:username and status=0"] []
[2019-05-03 10:34:33] App.DEBUG: PDO::query ["DESCRIBE `User`"] []
[2019-05-03 10:34:33] App.DEBUG: PDO::prepare ["SELECT * FROM `User`  WHERE (`user_id`=:user_id)"] []
[2019-05-03 10:34:33] App.DEBUG: PDO::prepare ["INSERT INTO `UserLog` SET `user_id`=:user_id,`login_dt`=:login_dt,`ip`=:ip,`result`=:result,`user_agent`=:user_agent"] []
[2019-05-03 10:34:33] App.DEBUG: PDO::prepare ["UPDATE `User` SET `last_online`=:last_online WHERE (`user_id`=:user_id)"] []
[2019-05-03 10:34:33] App.DEBUG: PDO::prepare ["SELECT * FROM `AuthLock`  WHERE (`ip`=:ip) LIMIT 1"] []
[2019-05-03 10:34:34] App.DEBUG: App::__construct [] []
[2019-05-03 10:34:34] App.DEBUG: App::__construct [] []
[2019-05-03 10:34:34] App.DEBUG: PDO::prepare ["SELECT * FROM `Config` "] []
[2019-05-03 10:34:34] App.DEBUG: PDO::query ["DESCRIBE `Config`"] []
[2019-05-03 10:34:34] App.DEBUG: PDO::prepare ["SELECT * FROM `SystemValue` "] []
[2019-05-03 10:34:34] App.DEBUG: PDO::query ["DESCRIBE `SystemValue`"] []
[2019-05-03 10:34:34] App.DEBUG: App::run [] []
[2019-05-03 10:34:34] App.DEBUG: App request uri:http://127.0.0.1/alt/api [] []
[2019-05-03 10:34:34] App.DEBUG: invoke page [] []
[2019-05-03 10:34:35] App.DEBUG: PDO::prepare ["SELECT count(*) FROM `AuthLock`  WHERE (ip=?) AND (value>=3) AND (date_add(`time`,Interval 180 second) > now())"] []
[2019-05-03 10:34:35] App.DEBUG: PDO::prepare ["select user_id,password from User where username=:username and status=0"] []
[2019-05-03 10:34:35] App.DEBUG: PDO::query ["DESCRIBE `User`"] []
[2019-05-03 10:34:35] App.DEBUG: PDO::prepare ["SELECT * FROM `User`  WHERE (`user_id`=:user_id)"] []
[2019-05-03 10:34:35] App.DEBUG: PDO::prepare ["INSERT INTO `UserLog` SET `user_id`=:user_id,`login_dt`=:login_dt,`ip`=:ip,`result`=:result,`user_agent`=:user_agent"] []
[2019-05-03 10:34:35] App.DEBUG: PDO::prepare ["UPDATE `User` SET `last_online`=:last_online WHERE (`user_id`=:user_id)"] []
[2019-05-03 10:34:35] App.DEBUG: PDO::prepare ["SELECT * FROM `AuthLock`  WHERE (`ip`=:ip) LIMIT 1"] []
[2019-05-03 10:34:35] App.DEBUG: PDO::prepare ["SELECT * FROM `Config` "] []
[2019-05-03 10:34:35] App.DEBUG: PDO::query ["DESCRIBE `Config`"] []
[2019-05-03 10:34:35] App.DEBUG: PDO::prepare ["SELECT * FROM `SystemValue` "] []
[2019-05-03 10:34:35] App.DEBUG: PDO::query ["DESCRIBE `SystemValue`"] []
[2019-05-03 10:34:35] App.DEBUG: App::run [] []
[2019-05-03 10:34:35] App.DEBUG: App request uri:http://127.0.0.1/alt/ [] []
[2019-05-03 10:34:35] App.DEBUG: invoke page [] []
[2019-05-03 10:34:36] App.DEBUG: App::__construct [] []
[2019-05-03 10:34:36] App.DEBUG: PDO::prepare ["SELECT * FROM `Config` "] []
[2019-05-03 10:34:36] App.DEBUG: PDO::query ["DESCRIBE `Config`"] []
[2019-05-03 10:34:36] App.DEBUG: PDO::prepare ["SELECT * FROM `SystemValue` "] []
[2019-05-03 10:34:36] App.DEBUG: PDO::query ["DESCRIBE `SystemValue`"] []
[2019-05-03 10:34:36] App.DEBUG: App::run [] []
[2019-05-03 10:34:36] App.DEBUG: App request uri:http://127.0.0.1/alt/ [] []
[2019-05-03 10:34:36] App.DEBUG: invoke page [] []
[2019-05-03 10:34:37] App.DEBUG: App::__construct [] []
[2019-05-03 10:34:37] App.DEBUG: PDO::prepare ["SELECT * FROM `Config` "] []
[2019-05-03 10:34:37] App.DEBUG: PDO::query ["DESCRIBE `Config`"] []
[2019-05-03 10:34:37] App.DEBUG: PDO::prepare ["SELECT * FROM `SystemValue` "] []
[2019-05-03 10:34:37] App.DEBUG: PDO::query ["DESCRIBE `SystemValue`"] []
[2019-05-03 10:34:37] App.DEBUG: App::run [] []
[2019-05-03 10:34:37] App.DEBUG: App request uri:http://127.0.0.1/alt/User [] []
[2019-05-03 10:34:37] App.DEBUG: invoke page [] []
[2019-05-03 10:34:38] App.DEBUG: PDO::query ["DESCRIBE `Module`"] []
[2019-05-03 10:34:38] App.DEBUG: PDO::query ["DESCRIBE `User`"] []
[2019-05-03 10:34:38] App.DEBUG: PDO::prepare ["UPDATE `User` SET `last_online`=:last_online WHERE (`user_id`=:user_id)"] []
[2019-05-03 10:34:38] App.DEBUG: PDO::prepare ["SELECT * FROM `UserGroup`  WHERE (name='Administrators' or code='Administrators') LIMIT 1"] []
[2019-05-03 10:34:38] App.DEBUG: PDO::query ["DESCRIBE `UserGroup`"] []
[2019-05-03 10:34:38] App.DEBUG: PDO::query ["DESCRIBE `UserList`"] []
[2019-05-03 10:34:38] App.DEBUG: PDO::prepare ["SELECT * FROM `UserList`  WHERE (`user_id`=:user_id)"] []
[2019-05-03 10:34:38] App.DEBUG: PDO::prepare ["SELECT * FROM `UserGroup`  WHERE (usergroup_id in (select usergroup_id from UserList where user_id=?))"] []
[2019-05-03 10:34:38] App.DEBUG: PDO::prepare ["SELECT * FROM `UserGroup`  WHERE (name='Guests' or code='Guests') LIMIT 1"] []
[2019-05-03 10:34:38] App.DEBUG: PDO::prepare ["SELECT * FROM `ACL`  WHERE (user_id=1 or usergroup_id=1 or special_user=3)"] []
[2019-05-03 10:34:38] App.DEBUG: PDO::prepare ["SELECT * FROM `Translate` "] []
[2019-05-03 10:34:38] App.DEBUG: PDO::query ["DESCRIBE `Translate`"] []
[2019-05-03 10:34:40] App.DEBUG: app getModule [] []
[2019-05-03 10:34:40] App.DEBUG: Translate::_ ["System","zh-hk"] []
[2019-05-03 10:34:40] App.DEBUG: PDO::prepare ["SELECT * FROM `Translate`  WHERE (name='System') AND (language='zh-hk') LIMIT 1"] []
[2019-05-03 10:34:40] App.DEBUG: PDO::prepare ["SELECT * FROM `UI`  WHERE (user_id=1) AND (uri='fav')"] []
[2019-05-03 10:34:40] App.DEBUG: PDO::query ["DESCRIBE `UI`"] []
[2019-05-03 10:34:40] App.DEBUG: App::__construct [] []
[2019-05-03 10:34:41] App.DEBUG: PDO::prepare ["SELECT * FROM `Config` "] []
[2019-05-03 10:34:41] App.DEBUG: PDO::query ["DESCRIBE `Config`"] []
[2019-05-03 10:34:41] App.DEBUG: PDO::prepare ["SELECT * FROM `SystemValue` "] []
[2019-05-03 10:34:41] App.DEBUG: PDO::query ["DESCRIBE `SystemValue`"] []
[2019-05-03 10:34:41] App.DEBUG: App::run [] []
[2019-05-03 10:34:41] App.DEBUG: App request uri:http://127.0.0.1/alt/User/image [] []
[2019-05-03 10:34:41] App.DEBUG: invoke page [] []
[2019-05-03 10:34:41] App.DEBUG: App::__construct [] []
[2019-05-03 10:34:41] App.DEBUG: PDO::prepare ["SELECT * FROM `Config` "] []
[2019-05-03 10:34:41] App.DEBUG: PDO::query ["DESCRIBE `Config`"] []
[2019-05-03 10:34:41] App.DEBUG: PDO::prepare ["SELECT * FROM `SystemValue` "] []
[2019-05-03 10:34:41] App.DEBUG: PDO::query ["DESCRIBE `SystemValue`"] []
[2019-05-03 10:34:41] App.DEBUG: App::run [] []
[2019-05-03 10:34:41] App.DEBUG: App request uri:http://127.0.0.1/alt/User/list?t=0 [] []
[2019-05-03 10:34:41] App.DEBUG: invoke page [] []
[2019-05-03 10:34:41] App.DEBUG: PDO::query ["DESCRIBE `Module`"] []
[2019-05-03 10:34:42] App.DEBUG: PDO::query ["DESCRIBE `User`"] []
[2019-05-03 10:34:42] App.DEBUG: PDO::prepare ["UPDATE `User` SET `last_online`=:last_online WHERE (`user_id`=:user_id)"] []
[2019-05-03 10:34:42] App.DEBUG: PDO::prepare ["SELECT * FROM `UserGroup`  WHERE (name='Administrators' or code='Administrators') LIMIT 1"] []
[2019-05-03 10:34:42] App.DEBUG: PDO::query ["DESCRIBE `UserGroup`"] []
[2019-05-03 10:34:42] App.DEBUG: PDO::query ["DESCRIBE `UserList`"] []
[2019-05-03 10:34:42] App.DEBUG: PDO::prepare ["SELECT * FROM `UserList`  WHERE (`user_id`=:user_id)"] []
[2019-05-03 10:34:42] App.DEBUG: PDO::prepare ["SELECT * FROM `UserGroup`  WHERE (usergroup_id in (select usergroup_id from UserList where user_id=?))"] []
[2019-05-03 10:34:42] App.DEBUG: PDO::prepare ["SELECT * FROM `UserGroup`  WHERE (name='Guests' or code='Guests') LIMIT 1"] []
[2019-05-03 10:34:42] App.DEBUG: PDO::prepare ["SELECT * FROM `ACL`  WHERE (user_id=1 or usergroup_id=1 or special_user=3)"] []
[2019-05-03 10:34:42] App.DEBUG: PDO::prepare ["SELECT * FROM `Translate` "] []
[2019-05-03 10:34:42] App.DEBUG: PDO::query ["DESCRIBE `Translate`"] []
[2019-05-03 10:34:42] App.DEBUG: PDO::prepare ["SELECT * FROM `UserGroup` "] []
[2019-05-03 10:34:43] App.DEBUG: App::__construct [] []
[2019-05-03 10:34:43] App.DEBUG: PDO::prepare ["SELECT * FROM `Config` "] []
[2019-05-03 10:34:43] App.DEBUG: PDO::query ["DESCRIBE `Config`"] []
[2019-05-03 10:34:43] App.DEBUG: PDO::prepare ["SELECT * FROM `SystemValue` "] []
[2019-05-03 10:34:43] App.DEBUG: PDO::query ["DESCRIBE `SystemValue`"] []
[2019-05-03 10:34:43] App.DEBUG: App::run [] []
[2019-05-03 10:34:43] App.DEBUG: App request uri:http://127.0.0.1/alt/User/list/ds?t=0&_rt=1&draw=2&columns%5B0%5D%5Bname%5D=__view__&columns%5B0%5D%5BsearchMethod%5D=&columns%5B1%5D%5Bname%5D=__edit__&columns%5B1%5D%5BsearchMethod%5D=&columns%5B2%5D%5Bname%5D=__del__&columns%5B2%5D%5BsearchMethod%5D=&columns%5B3%5D%5Bname%5D=username&columns%5B3%5D%5BsearchMethod%5D=like&columns%5B4%5D%5Bname%5D=usergroup_id&columns%5B4%5D%5BsearchMethod%5D=equal&columns%5B5%5D%5Bname%5D=first_name&columns%5B5%5D%5BsearchMethod%5D=like&columns%5B6%5D%5Bname%5D=last_name&columns%5B6%5D%5BsearchMethod%5D=like&columns%5B7%5D%5Bname%5D=phone&columns%5B7%5D%5BsearchMethod%5D=like&columns%5B8%5D%5Bname%5D=email&columns%5B8%5D%5BsearchMethod%5D=like&columns%5B9%5D%5Bname%5D=status&columns%5B9%5D%5BsearchMethod%5D=equal&columns%5B10%5D%5Bname%5D=expiry_date&columns%5B10%5D%5BsearchMethod%5D=date&columns%5B11%5D%5Bname%5D=join_date&columns%5B11%5D%5BsearchMethod%5D=date&columns%5B12%5D%5Bname%5D=language&columns%5B12%5D%5BsearchMethod%5D=&columns%5B13%5D%5Bname%5D=skin&columns%5B13%5D%5BsearchMethod%5D=&columns%5B14%5D%5Bname%5D=isonline&columns%5B14%5D%5BsearchMethod%5D=&order%5B0%5D%5Bname%5D=first_name&order%5B0%5D%5Bdir%5D=desc&page=1&length=25 [] []
[2019-05-03 10:34:43] App.DEBUG: invoke page [] []
[2019-05-03 10:34:43] App.DEBUG: PDO::query ["DESCRIBE `Module`"] []
[2019-05-03 10:34:43] App.DEBUG: PDO::query ["DESCRIBE `User`"] []
[2019-05-03 10:34:43] App.DEBUG: PDO::prepare ["UPDATE `User` SET `last_online`=:last_online WHERE (`user_id`=:user_id)"] []
[2019-05-03 10:34:43] App.DEBUG: PDO::prepare ["SELECT * FROM `UserGroup`  WHERE (name='Administrators' or code='Administrators') LIMIT 1"] []
[2019-05-03 10:34:43] App.DEBUG: PDO::query ["DESCRIBE `UserGroup`"] []
[2019-05-03 10:34:43] App.DEBUG: PDO::query ["DESCRIBE `UserList`"] []
[2019-05-03 10:34:43] App.DEBUG: PDO::prepare ["SELECT * FROM `UserList`  WHERE (`user_id`=:user_id)"] []
[2019-05-03 10:34:43] App.DEBUG: PDO::prepare ["SELECT * FROM `UserGroup`  WHERE (usergroup_id in (select usergroup_id from UserList where user_id=?))"] []
[2019-05-03 10:34:43] App.DEBUG: PDO::prepare ["SELECT * FROM `UserGroup`  WHERE (name='Guests' or code='Guests') LIMIT 1"] []
[2019-05-03 10:34:43] App.DEBUG: PDO::prepare ["SELECT * FROM `ACL`  WHERE (user_id=1 or usergroup_id=1 or special_user=3)"] []
[2019-05-03 10:34:43] App.DEBUG: PDO::prepare ["SELECT * FROM `User`  WHERE (status=?) ORDER BY first_name desc LIMIT 0,25"] []
[2019-05-03 10:34:43] App.DEBUG: PDO::prepare ["SELECT * FROM `UserGroup`  WHERE (name='Users' or code='Users') LIMIT 1"] []
[2019-05-03 10:34:43] App.DEBUG: PDO::prepare ["SELECT * FROM `UserList`  WHERE (`user_id`=:user_id)"] []
[2019-05-03 10:34:43] App.DEBUG: PDO::prepare ["SELECT * FROM `UserGroup`  WHERE (usergroup_id in (select usergroup_id from UserList where user_id=?))"] []
[2019-05-03 10:34:43] App.DEBUG: PDO::prepare ["SELECT * FROM `UserList`  WHERE (`user_id`=:user_id)"] []
[2019-05-03 10:34:43] App.DEBUG: PDO::prepare ["SELECT * FROM `UserGroup`  WHERE (usergroup_id in (select usergroup_id from UserList where user_id=?))"] []
[2019-05-03 10:34:43] App.DEBUG: PDO::prepare ["SELECT * FROM `UserList`  WHERE (`user_id`=:user_id)"] []
[2019-05-03 10:34:43] App.DEBUG: PDO::prepare ["SELECT * FROM `UserGroup`  WHERE (usergroup_id in (select usergroup_id from UserList where user_id=?))"] []
[2019-05-03 10:34:43] App.DEBUG: PDO::prepare ["SELECT * FROM `UserList`  WHERE (`user_id`=:user_id)"] []
[2019-05-03 10:34:43] App.DEBUG: PDO::prepare ["SELECT * FROM `UserGroup`  WHERE (usergroup_id in (select usergroup_id from UserList where user_id=?))"] []
[2019-05-03 10:34:43] App.DEBUG: PDO::prepare ["SELECT count( * ) FROM `User`  WHERE (status=?) ORDER BY first_name desc"] []
[2019-05-03 10:34:46] App.DEBUG: App::__construct [] []
[2019-05-03 10:34:46] App.DEBUG: PDO::prepare ["SELECT * FROM `Config` "] []
[2019-05-03 10:34:46] App.DEBUG: PDO::query ["DESCRIBE `Config`"] []
[2019-05-03 10:34:46] App.DEBUG: PDO::prepare ["SELECT * FROM `SystemValue` "] []
[2019-05-03 10:34:46] App.DEBUG: PDO::query ["DESCRIBE `SystemValue`"] []
[2019-05-03 10:34:46] App.DEBUG: App::run [] []
[2019-05-03 10:34:46] App.DEBUG: App request uri:http://127.0.0.1/alt/Config [] []
[2019-05-03 10:34:46] App.DEBUG: invoke page [] []
[2019-05-03 10:34:47] App.DEBUG: PDO::query ["DESCRIBE `Module`"] []
[2019-05-03 10:34:47] App.DEBUG: PDO::query ["DESCRIBE `User`"] []
[2019-05-03 10:34:47] App.DEBUG: PDO::prepare ["UPDATE `User` SET `last_online`=:last_online WHERE (`user_id`=:user_id)"] []
[2019-05-03 10:34:47] App.DEBUG: PDO::prepare ["SELECT * FROM `UserGroup`  WHERE (name='Administrators' or code='Administrators') LIMIT 1"] []
[2019-05-03 10:34:47] App.DEBUG: PDO::query ["DESCRIBE `UserGroup`"] []
[2019-05-03 10:34:47] App.DEBUG: PDO::query ["DESCRIBE `UserList`"] []
[2019-05-03 10:34:47] App.DEBUG: PDO::prepare ["SELECT * FROM `UserList`  WHERE (`user_id`=:user_id)"] []
[2019-05-03 10:34:47] App.DEBUG: PDO::prepare ["SELECT * FROM `UserGroup`  WHERE (usergroup_id in (select usergroup_id from UserList where user_id=?))"] []
[2019-05-03 10:34:47] App.DEBUG: PDO::prepare ["SELECT * FROM `UserGroup`  WHERE (name='Guests' or code='Guests') LIMIT 1"] []
[2019-05-03 10:34:47] App.DEBUG: PDO::prepare ["SELECT * FROM `ACL`  WHERE (user_id=1 or usergroup_id=1 or special_user=3)"] []
[2019-05-03 10:34:47] App.DEBUG: PDO::prepare ["SELECT * FROM `Translate` "] []
[2019-05-03 10:34:47] App.DEBUG: PDO::query ["DESCRIBE `Translate`"] []
[2019-05-03 10:34:49] App.DEBUG: app getModule [] []
[2019-05-03 10:34:49] App.DEBUG: Translate::_ ["System","zh-hk"] []
[2019-05-03 10:34:49] App.DEBUG: PDO::prepare ["SELECT * FROM `Translate`  WHERE (name='System') AND (language='zh-hk') LIMIT 1"] []
[2019-05-03 10:34:49] App.DEBUG: PDO::prepare ["SELECT * FROM `UI`  WHERE (user_id=1) AND (uri='fav')"] []
[2019-05-03 10:34:49] App.DEBUG: PDO::query ["DESCRIBE `UI`"] []
[2019-05-03 10:34:49] App.DEBUG: App::__construct [] []
[2019-05-03 10:34:49] App.DEBUG: PDO::prepare ["SELECT * FROM `Config` "] []
[2019-05-03 10:34:49] App.DEBUG: PDO::query ["DESCRIBE `Config`"] []
[2019-05-03 10:34:49] App.DEBUG: PDO::prepare ["SELECT * FROM `SystemValue` "] []
[2019-05-03 10:34:49] App.DEBUG: PDO::query ["DESCRIBE `SystemValue`"] []
[2019-05-03 10:34:49] App.DEBUG: App::run [] []
[2019-05-03 10:34:49] App.DEBUG: App request uri:http://127.0.0.1/alt/User/image [] []
[2019-05-03 10:34:49] App.DEBUG: invoke page [] []
[2019-05-03 10:34:50] App.DEBUG: App::__construct [] []
[2019-05-03 10:34:50] App.DEBUG: PDO::prepare ["SELECT * FROM `Config` "] []
[2019-05-03 10:34:50] App.DEBUG: PDO::query ["DESCRIBE `Config`"] []
[2019-05-03 10:34:51] App.DEBUG: PDO::prepare ["SELECT * FROM `SystemValue` "] []
[2019-05-03 10:34:51] App.DEBUG: PDO::query ["DESCRIBE `SystemValue`"] []
[2019-05-03 10:34:51] App.DEBUG: App::run [] []
[2019-05-03 10:34:51] App.DEBUG: App request uri:http://127.0.0.1/alt/Config/list [] []
[2019-05-03 10:34:51] App.DEBUG: invoke page [] []
[2019-05-03 10:34:51] App.DEBUG: PDO::query ["DESCRIBE `Module`"] []
[2019-05-03 10:34:51] App.DEBUG: PDO::query ["DESCRIBE `User`"] []
[2019-05-03 10:34:51] App.DEBUG: PDO::prepare ["UPDATE `User` SET `last_online`=:last_online WHERE (`user_id`=:user_id)"] []
[2019-05-03 10:34:51] App.DEBUG: PDO::prepare ["SELECT * FROM `UserGroup`  WHERE (name='Administrators' or code='Administrators') LIMIT 1"] []
[2019-05-03 10:34:51] App.DEBUG: PDO::query ["DESCRIBE `UserGroup`"] []
[2019-05-03 10:34:51] App.DEBUG: PDO::query ["DESCRIBE `UserList`"] []
[2019-05-03 10:34:51] App.DEBUG: PDO::prepare ["SELECT * FROM `UserList`  WHERE (`user_id`=:user_id)"] []
[2019-05-03 10:34:51] App.DEBUG: PDO::prepare ["SELECT * FROM `UserGroup`  WHERE (usergroup_id in (select usergroup_id from UserList where user_id=?))"] []
[2019-05-03 10:34:51] App.DEBUG: PDO::prepare ["SELECT * FROM `UserGroup`  WHERE (name='Guests' or code='Guests') LIMIT 1"] []
[2019-05-03 10:34:51] App.DEBUG: PDO::prepare ["SELECT * FROM `ACL`  WHERE (user_id=1 or usergroup_id=1 or special_user=3)"] []
[2019-05-03 10:34:51] App.DEBUG: PDO::query ["DESCRIBE `UI`"] []
[2019-05-03 10:34:51] App.DEBUG: PDO::prepare ["SELECT * FROM `UI`  WHERE ((user_id=1) AND (uri='Config/list/box[0]'))"] []
[2019-05-03 10:34:51] App.DEBUG: PDO::prepare ["SELECT * FROM `Translate` "] []
[2019-05-03 10:34:51] App.DEBUG: PDO::query ["DESCRIBE `Translate`"] []
[2019-05-03 10:34:51] App.DEBUG: PDO::prepare ["SELECT * FROM `UI`  WHERE ((user_id=1) AND (uri='Config/list/box[1]'))"] []
[2019-05-03 10:34:51] App.DEBUG: PDO::prepare ["SELECT * FROM `UI`  WHERE ((user_id=1) AND (uri='Config/list/box[2]'))"] []
[2019-05-03 10:34:51] App.DEBUG: PDO::prepare ["SELECT * FROM `UI`  WHERE ((user_id=1) AND (uri='Config/list/box[3]'))"] []
[2019-05-03 10:34:51] App.DEBUG: PDO::prepare ["SELECT * FROM `UI`  WHERE ((user_id=1) AND (uri='Config/list/box[4]'))"] []
[2019-05-03 11:07:50] App.DEBUG: App::__construct [] []
[2019-05-03 11:07:50] App.DEBUG: PDO::prepare ["SELECT * FROM `Config` "] []
[2019-05-03 11:07:50] App.DEBUG: PDO::query ["DESCRIBE `Config`"] []
[2019-05-03 11:07:50] App.DEBUG: PDO::prepare ["SELECT * FROM `SystemValue` "] []
[2019-05-03 11:07:50] App.DEBUG: PDO::query ["DESCRIBE `SystemValue`"] []
[2019-05-03 11:07:50] App.DEBUG: App::run [] []
[2019-05-03 11:07:50] App.DEBUG: App request uri:http://127.0.0.1/alt/Config [] []
[2019-05-03 11:07:50] App.DEBUG: invoke page [] []
[2019-05-03 11:07:51] App.DEBUG: PDO::query ["DESCRIBE `Module`"] []
[2019-05-03 11:07:51] App.DEBUG: PDO::query ["DESCRIBE `User`"] []
[2019-05-03 11:07:51] App.DEBUG: PDO::prepare ["UPDATE `User` SET `last_online`=:last_online WHERE (`user_id`=:user_id)"] []
[2019-05-03 11:07:51] App.DEBUG: PDO::prepare ["SELECT * FROM `UserGroup`  WHERE (name='Administrators' or code='Administrators') LIMIT 1"] []
[2019-05-03 11:07:51] App.DEBUG: PDO::query ["DESCRIBE `UserGroup`"] []
[2019-05-03 11:07:51] App.DEBUG: PDO::query ["DESCRIBE `UserList`"] []
[2019-05-03 11:07:51] App.DEBUG: PDO::prepare ["SELECT * FROM `UserList`  WHERE (`user_id`=:user_id)"] []
[2019-05-03 11:07:51] App.DEBUG: PDO::prepare ["SELECT * FROM `UserGroup`  WHERE (usergroup_id in (select usergroup_id from UserList where user_id=?))"] []
[2019-05-03 11:07:51] App.DEBUG: PDO::prepare ["SELECT * FROM `UserGroup`  WHERE (name='Guests' or code='Guests') LIMIT 1"] []
[2019-05-03 11:07:51] App.DEBUG: PDO::prepare ["SELECT * FROM `ACL`  WHERE (user_id=1 or usergroup_id=1 or special_user=3)"] []
[2019-05-03 11:07:51] App.DEBUG: PDO::prepare ["SELECT * FROM `Translate` "] []
[2019-05-03 11:07:51] App.DEBUG: PDO::query ["DESCRIBE `Translate`"] []
[2019-05-03 11:07:52] App.DEBUG: app getModule [] []
[2019-05-03 11:07:52] App.DEBUG: Translate::_ ["System","zh-hk"] []
[2019-05-03 11:07:52] App.DEBUG: PDO::prepare ["SELECT * FROM `Translate`  WHERE (name='System') AND (language='zh-hk') LIMIT 1"] []
[2019-05-03 11:07:52] App.DEBUG: PDO::prepare ["SELECT * FROM `UI`  WHERE (user_id=1) AND (uri='fav')"] []
[2019-05-03 11:07:52] App.DEBUG: PDO::query ["DESCRIBE `UI`"] []
[2019-05-03 11:07:53] App.DEBUG: App::__construct [] []
[2019-05-03 11:07:53] App.DEBUG: PDO::prepare ["SELECT * FROM `Config` "] []
[2019-05-03 11:07:53] App.DEBUG: PDO::query ["DESCRIBE `Config`"] []
[2019-05-03 11:07:53] App.DEBUG: PDO::prepare ["SELECT * FROM `SystemValue` "] []
[2019-05-03 11:07:53] App.DEBUG: PDO::query ["DESCRIBE `SystemValue`"] []
[2019-05-03 11:07:53] App.DEBUG: App::run [] []
[2019-05-03 11:07:53] App.DEBUG: App request uri:http://127.0.0.1/alt/User/image [] []
[2019-05-03 11:07:53] App.DEBUG: invoke page [] []
[2019-05-03 11:07:54] App.DEBUG: App::__construct [] []
[2019-05-03 11:07:54] App.DEBUG: PDO::prepare ["SELECT * FROM `Config` "] []
[2019-05-03 11:07:54] App.DEBUG: PDO::query ["DESCRIBE `Config`"] []
[2019-05-03 11:07:54] App.DEBUG: PDO::prepare ["SELECT * FROM `SystemValue` "] []
[2019-05-03 11:07:54] App.DEBUG: PDO::query ["DESCRIBE `SystemValue`"] []
[2019-05-03 11:07:54] App.DEBUG: App::run [] []
[2019-05-03 11:07:54] App.DEBUG: App request uri:http://127.0.0.1/alt/Config/list [] []
[2019-05-03 11:07:54] App.DEBUG: invoke page [] []
[2019-05-03 11:07:54] App.DEBUG: PDO::query ["DESCRIBE `Module`"] []
[2019-05-03 11:07:54] App.DEBUG: PDO::query ["DESCRIBE `User`"] []
[2019-05-03 11:07:54] App.DEBUG: PDO::prepare ["UPDATE `User` SET `last_online`=:last_online WHERE (`user_id`=:user_id)"] []
[2019-05-03 11:07:54] App.DEBUG: PDO::prepare ["SELECT * FROM `UserGroup`  WHERE (name='Administrators' or code='Administrators') LIMIT 1"] []
[2019-05-03 11:07:54] App.DEBUG: PDO::query ["DESCRIBE `UserGroup`"] []
[2019-05-03 11:07:54] App.DEBUG: PDO::query ["DESCRIBE `UserList`"] []
[2019-05-03 11:07:54] App.DEBUG: PDO::prepare ["SELECT * FROM `UserList`  WHERE (`user_id`=:user_id)"] []
[2019-05-03 11:07:54] App.DEBUG: PDO::prepare ["SELECT * FROM `UserGroup`  WHERE (usergroup_id in (select usergroup_id from UserList where user_id=?))"] []
[2019-05-03 11:07:54] App.DEBUG: PDO::prepare ["SELECT * FROM `UserGroup`  WHERE (name='Guests' or code='Guests') LIMIT 1"] []
[2019-05-03 11:07:54] App.DEBUG: PDO::prepare ["SELECT * FROM `ACL`  WHERE (user_id=1 or usergroup_id=1 or special_user=3)"] []
[2019-05-03 11:07:54] App.DEBUG: PDO::query ["DESCRIBE `UI`"] []
[2019-05-03 11:07:54] App.DEBUG: PDO::prepare ["SELECT * FROM `UI`  WHERE ((user_id=1) AND (uri='Config/list/box[0]'))"] []
[2019-05-03 11:07:54] App.DEBUG: PDO::prepare ["SELECT * FROM `Translate` "] []
[2019-05-03 11:07:54] App.DEBUG: PDO::query ["DESCRIBE `Translate`"] []
[2019-05-03 11:07:54] App.DEBUG: PDO::prepare ["SELECT * FROM `UI`  WHERE ((user_id=1) AND (uri='Config/list/box[1]'))"] []
[2019-05-03 11:07:54] App.DEBUG: PDO::prepare ["SELECT * FROM `UI`  WHERE ((user_id=1) AND (uri='Config/list/box[2]'))"] []
[2019-05-03 11:07:54] App.DEBUG: PDO::prepare ["SELECT * FROM `UI`  WHERE ((user_id=1) AND (uri='Config/list/box[3]'))"] []
[2019-05-03 11:07:54] App.DEBUG: PDO::prepare ["SELECT * FROM `UI`  WHERE ((user_id=1) AND (uri='Config/list/box[4]'))"] []
[2019-05-03 11:08:48] App.DEBUG: App::__construct [] []
[2019-05-03 11:08:48] App.DEBUG: PDO::prepare ["SELECT * FROM `Config` "] []
[2019-05-03 11:08:48] App.DEBUG: PDO::query ["DESCRIBE `Config`"] []
[2019-05-03 11:08:48] App.DEBUG: PDO::prepare ["SELECT * FROM `SystemValue` "] []
[2019-05-03 11:08:48] App.DEBUG: PDO::query ["DESCRIBE `SystemValue`"] []
[2019-05-03 11:08:48] App.DEBUG: App::run [] []
[2019-05-03 11:08:48] App.DEBUG: App request uri:http://127.0.0.1/alt/Config [] []
[2019-05-03 11:08:48] App.DEBUG: invoke page [] []
[2019-05-03 11:08:48] App.DEBUG: PDO::query ["DESCRIBE `Module`"] []
[2019-05-03 11:08:49] App.DEBUG: PDO::query ["DESCRIBE `User`"] []
[2019-05-03 11:08:49] App.DEBUG: PDO::prepare ["UPDATE `User` SET `last_online`=:last_online WHERE (`user_id`=:user_id)"] []
[2019-05-03 11:08:49] App.DEBUG: PDO::prepare ["SELECT * FROM `UserGroup`  WHERE (name='Administrators' or code='Administrators') LIMIT 1"] []
[2019-05-03 11:08:49] App.DEBUG: PDO::query ["DESCRIBE `UserGroup`"] []
[2019-05-03 11:08:49] App.DEBUG: PDO::query ["DESCRIBE `UserList`"] []
[2019-05-03 11:08:49] App.DEBUG: PDO::prepare ["SELECT * FROM `UserList`  WHERE (`user_id`=:user_id)"] []
[2019-05-03 11:08:49] App.DEBUG: PDO::prepare ["SELECT * FROM `UserGroup`  WHERE (usergroup_id in (select usergroup_id from UserList where user_id=?))"] []
[2019-05-03 11:08:49] App.DEBUG: PDO::prepare ["SELECT * FROM `UserGroup`  WHERE (name='Guests' or code='Guests') LIMIT 1"] []
[2019-05-03 11:08:49] App.DEBUG: PDO::prepare ["SELECT * FROM `ACL`  WHERE (user_id=1 or usergroup_id=1 or special_user=3)"] []
[2019-05-03 11:08:49] App.DEBUG: PDO::prepare ["SELECT * FROM `Translate` "] []
[2019-05-03 11:08:49] App.DEBUG: PDO::query ["DESCRIBE `Translate`"] []
[2019-05-03 11:08:50] App.DEBUG: app getModule [] []
[2019-05-03 11:08:50] App.DEBUG: Translate::_ ["System","zh-hk"] []
[2019-05-03 11:08:50] App.DEBUG: PDO::prepare ["SELECT * FROM `Translate`  WHERE (name='System') AND (language='zh-hk') LIMIT 1"] []
[2019-05-03 11:08:50] App.DEBUG: PDO::prepare ["SELECT * FROM `UI`  WHERE (user_id=1) AND (uri='fav')"] []
[2019-05-03 11:08:50] App.DEBUG: PDO::query ["DESCRIBE `UI`"] []
[2019-05-03 11:08:50] App.DEBUG: App::__construct [] []
[2019-05-03 11:08:50] App.DEBUG: PDO::prepare ["SELECT * FROM `Config` "] []
[2019-05-03 11:08:50] App.DEBUG: PDO::query ["DESCRIBE `Config`"] []
[2019-05-03 11:08:50] App.DEBUG: PDO::prepare ["SELECT * FROM `SystemValue` "] []
[2019-05-03 11:08:50] App.DEBUG: PDO::query ["DESCRIBE `SystemValue`"] []
[2019-05-03 11:08:50] App.DEBUG: App::run [] []
[2019-05-03 11:08:50] App.DEBUG: App request uri:http://127.0.0.1/alt/User/image [] []
[2019-05-03 11:08:50] App.DEBUG: invoke page [] []
[2019-05-03 11:08:51] App.DEBUG: App::__construct [] []
[2019-05-03 11:08:51] App.DEBUG: PDO::prepare ["SELECT * FROM `Config` "] []
[2019-05-03 11:08:51] App.DEBUG: PDO::query ["DESCRIBE `Config`"] []
[2019-05-03 11:08:51] App.DEBUG: PDO::prepare ["SELECT * FROM `SystemValue` "] []
[2019-05-03 11:08:51] App.DEBUG: PDO::query ["DESCRIBE `SystemValue`"] []
[2019-05-03 11:08:51] App.DEBUG: App::run [] []
[2019-05-03 11:08:51] App.DEBUG: App request uri:http://127.0.0.1/alt/Config/list [] []
[2019-05-03 11:08:51] App.DEBUG: invoke page [] []
[2019-05-03 11:08:51] App.DEBUG: PDO::query ["DESCRIBE `Module`"] []
[2019-05-03 11:08:52] App.DEBUG: PDO::query ["DESCRIBE `User`"] []
[2019-05-03 11:08:52] App.DEBUG: PDO::prepare ["UPDATE `User` SET `last_online`=:last_online WHERE (`user_id`=:user_id)"] []
[2019-05-03 11:08:52] App.DEBUG: PDO::prepare ["SELECT * FROM `UserGroup`  WHERE (name='Administrators' or code='Administrators') LIMIT 1"] []
[2019-05-03 11:08:52] App.DEBUG: PDO::query ["DESCRIBE `UserGroup`"] []
[2019-05-03 11:08:52] App.DEBUG: PDO::query ["DESCRIBE `UserList`"] []
[2019-05-03 11:08:52] App.DEBUG: PDO::prepare ["SELECT * FROM `UserList`  WHERE (`user_id`=:user_id)"] []
[2019-05-03 11:08:52] App.DEBUG: PDO::prepare ["SELECT * FROM `UserGroup`  WHERE (usergroup_id in (select usergroup_id from UserList where user_id=?))"] []
[2019-05-03 11:08:52] App.DEBUG: PDO::prepare ["SELECT * FROM `UserGroup`  WHERE (name='Guests' or code='Guests') LIMIT 1"] []
[2019-05-03 11:08:52] App.DEBUG: PDO::prepare ["SELECT * FROM `ACL`  WHERE (user_id=1 or usergroup_id=1 or special_user=3)"] []
[2019-05-03 11:08:52] App.DEBUG: PDO::query ["DESCRIBE `UI`"] []
[2019-05-03 11:08:52] App.DEBUG: PDO::prepare ["SELECT * FROM `UI`  WHERE ((user_id=1) AND (uri='Config/list/box[0]'))"] []
[2019-05-03 11:08:52] App.DEBUG: PDO::prepare ["SELECT * FROM `Translate` "] []
[2019-05-03 11:08:52] App.DEBUG: PDO::query ["DESCRIBE `Translate`"] []
[2019-05-03 11:08:52] App.DEBUG: PDO::prepare ["SELECT * FROM `UI`  WHERE ((user_id=1) AND (uri='Config/list/box[1]'))"] []
[2019-05-03 11:08:52] App.DEBUG: PDO::prepare ["SELECT * FROM `UI`  WHERE ((user_id=1) AND (uri='Config/list/box[2]'))"] []
[2019-05-03 11:08:52] App.DEBUG: PDO::prepare ["SELECT * FROM `UI`  WHERE ((user_id=1) AND (uri='Config/list/box[3]'))"] []
[2019-05-03 11:08:52] App.DEBUG: PDO::prepare ["SELECT * FROM `UI`  WHERE ((user_id=1) AND (uri='Config/list/box[4]'))"] []
[2019-05-03 11:09:08] App.DEBUG: App::__construct [] []
[2019-05-03 11:09:08] App.DEBUG: PDO::prepare ["SELECT * FROM `Config` "] []
[2019-05-03 11:09:08] App.DEBUG: PDO::query ["DESCRIBE `Config`"] []
[2019-05-03 11:09:08] App.DEBUG: PDO::prepare ["SELECT * FROM `SystemValue` "] []
[2019-05-03 11:09:08] App.DEBUG: PDO::query ["DESCRIBE `SystemValue`"] []
[2019-05-03 11:09:08] App.DEBUG: App::run [] []
[2019-05-03 11:09:08] App.DEBUG: App request uri:http://127.0.0.1/alt/Config/user_list [] []
[2019-05-03 11:09:08] App.DEBUG: invoke page [] []
[2019-05-03 11:09:08] App.DEBUG: PDO::query ["DESCRIBE `Module`"] []
[2019-05-03 11:09:08] App.DEBUG: PDO::query ["DESCRIBE `User`"] []
[2019-05-03 11:09:08] App.DEBUG: PDO::prepare ["UPDATE `User` SET `last_online`=:last_online WHERE (`user_id`=:user_id)"] []
[2019-05-03 11:09:08] App.DEBUG: PDO::prepare ["SELECT * FROM `UserGroup`  WHERE (name='Administrators' or code='Administrators') LIMIT 1"] []
[2019-05-03 11:09:08] App.DEBUG: PDO::query ["DESCRIBE `UserGroup`"] []
[2019-05-03 11:09:08] App.DEBUG: PDO::query ["DESCRIBE `UserList`"] []
[2019-05-03 11:09:08] App.DEBUG: PDO::prepare ["SELECT * FROM `UserList`  WHERE (`user_id`=:user_id)"] []
[2019-05-03 11:09:08] App.DEBUG: PDO::prepare ["SELECT * FROM `UserGroup`  WHERE (usergroup_id in (select usergroup_id from UserList where user_id=?))"] []
[2019-05-03 11:09:08] App.DEBUG: PDO::prepare ["SELECT * FROM `UserGroup`  WHERE (name='Guests' or code='Guests') LIMIT 1"] []
[2019-05-03 11:09:08] App.DEBUG: PDO::prepare ["SELECT * FROM `ACL`  WHERE (user_id=1 or usergroup_id=1 or special_user=3)"] []
[2019-05-03 11:09:08] App.DEBUG: PDO::prepare ["SELECT * FROM `Translate` "] []
[2019-05-03 11:09:08] App.DEBUG: PDO::query ["DESCRIBE `Translate`"] []
[2019-05-03 11:09:08] App.DEBUG: PDO::query ["DESCRIBE `UI`"] []
[2019-05-03 11:09:08] App.DEBUG: PDO::prepare ["SELECT * FROM `UI`  WHERE ((user_id=1) AND (uri='/alt/Config/user_list'))"] []
[2019-05-03 11:09:09] App.DEBUG: App::__construct [] []
[2019-05-03 11:09:09] App.DEBUG: PDO::prepare ["SELECT * FROM `Config` "] []
[2019-05-03 11:09:09] App.DEBUG: PDO::query ["DESCRIBE `Config`"] []
[2019-05-03 11:09:09] App.DEBUG: PDO::prepare ["SELECT * FROM `SystemValue` "] []
[2019-05-03 11:09:09] App.DEBUG: PDO::query ["DESCRIBE `SystemValue`"] []
[2019-05-03 11:09:09] App.DEBUG: App::run [] []
[2019-05-03 11:09:09] App.DEBUG: App request uri:http://127.0.0.1/alt/Config/user_list?dataUrl=%2Falt%2FConfig%2Fuser_list&draw=1&page=1&length=25&column%5B%5D=%5Bdel%5D&column%5B%5D=%5Bedit%5D&column%5B%5D=name&column%5B%5D=value [] []
[2019-05-03 11:09:09] App.DEBUG: invoke page [] []
[2019-05-03 11:09:09] App.DEBUG: PDO::query ["DESCRIBE `Module`"] []
[2019-05-03 11:09:09] App.DEBUG: PDO::query ["DESCRIBE `User`"] []
[2019-05-03 11:09:09] App.DEBUG: PDO::prepare ["UPDATE `User` SET `last_online`=:last_online WHERE (`user_id`=:user_id)"] []
[2019-05-03 11:09:09] App.DEBUG: PDO::prepare ["SELECT * FROM `UserGroup`  WHERE (name='Administrators' or code='Administrators') LIMIT 1"] []
[2019-05-03 11:09:09] App.DEBUG: PDO::query ["DESCRIBE `UserGroup`"] []
[2019-05-03 11:09:09] App.DEBUG: PDO::query ["DESCRIBE `UserList`"] []
[2019-05-03 11:09:09] App.DEBUG: PDO::prepare ["SELECT * FROM `UserList`  WHERE (`user_id`=:user_id)"] []
[2019-05-03 11:09:09] App.DEBUG: PDO::prepare ["SELECT * FROM `UserGroup`  WHERE (usergroup_id in (select usergroup_id from UserList where user_id=?))"] []
[2019-05-03 11:09:09] App.DEBUG: PDO::prepare ["SELECT * FROM `UserGroup`  WHERE (name='Guests' or code='Guests') LIMIT 1"] []
[2019-05-03 11:09:09] App.DEBUG: PDO::prepare ["SELECT * FROM `ACL`  WHERE (user_id=1 or usergroup_id=1 or special_user=3)"] []
[2019-05-03 11:09:09] App.DEBUG: PDO::prepare ["SELECT * FROM `Translate` "] []
[2019-05-03 11:09:09] App.DEBUG: PDO::query ["DESCRIBE `Translate`"] []
[2019-05-03 11:09:09] App.DEBUG: PDO::prepare ["SELECT count(*) FROM `Config` "] []
[2019-05-03 11:09:09] App.DEBUG: PDO::prepare ["SELECT * FROM `Config`  LIMIT 0,25"] []
[2019-05-03 11:09:15] App.DEBUG: App::__construct [] []
[2019-05-03 11:09:15] App.DEBUG: PDO::prepare ["SELECT * FROM `Config` "] []
[2019-05-03 11:09:15] App.DEBUG: PDO::query ["DESCRIBE `Config`"] []
[2019-05-03 11:09:15] App.DEBUG: PDO::prepare ["SELECT * FROM `SystemValue` "] []
[2019-05-03 11:09:15] App.DEBUG: PDO::query ["DESCRIBE `SystemValue`"] []
[2019-05-03 11:09:15] App.DEBUG: App::run [] []
[2019-05-03 11:09:15] App.DEBUG: App request uri:http://127.0.0.1/alt/Config/35/del [] []
[2019-05-03 11:09:15] App.DEBUG: invoke page [] []
[2019-05-03 11:09:15] App.DEBUG: PDO::query ["DESCRIBE `Module`"] []
[2019-05-03 11:09:15] App.DEBUG: PDO::query ["DESCRIBE `User`"] []
[2019-05-03 11:09:15] App.DEBUG: PDO::prepare ["UPDATE `User` SET `last_online`=:last_online WHERE (`user_id`=:user_id)"] []
[2019-05-03 11:09:15] App.DEBUG: PDO::prepare ["SELECT * FROM `Config`  WHERE (`config_id`=:config_id)"] []
[2019-05-03 11:09:15] App.DEBUG: PDO::prepare ["INSERT INTO `EventLog` SET `id`=:id,`user_id`=:user_id,`class`=:class,`action`=:action,`target`=:target,`remark`=:remark,`created_time`=:created_time"] []
[2019-05-03 11:09:15] App.DEBUG: PDO::prepare ["DELETE FROM `Config` WHERE (`config_id`=:config_id)"] []
[2019-05-03 11:09:16] App.DEBUG: App::__construct [] []
[2019-05-03 11:09:16] App.DEBUG: PDO::prepare ["SELECT * FROM `Config` "] []
[2019-05-03 11:09:16] App.DEBUG: PDO::query ["DESCRIBE `Config`"] []
[2019-05-03 11:09:16] App.DEBUG: PDO::prepare ["SELECT * FROM `SystemValue` "] []
[2019-05-03 11:09:16] App.DEBUG: PDO::query ["DESCRIBE `SystemValue`"] []
[2019-05-03 11:09:16] App.DEBUG: App::run [] []
[2019-05-03 11:09:16] App.DEBUG: App request uri:http://127.0.0.1/alt/Config/user_list?dataUrl=%2Falt%2FConfig%2Fuser_list&draw=2&page=1&length=25&column%5B%5D=%5Bdel%5D&column%5B%5D=%5Bedit%5D&column%5B%5D=name&column%5B%5D=value [] []
[2019-05-03 11:09:16] App.DEBUG: invoke page [] []
[2019-05-03 11:09:16] App.DEBUG: PDO::query ["DESCRIBE `Module`"] []
[2019-05-03 11:09:16] App.DEBUG: PDO::query ["DESCRIBE `User`"] []
[2019-05-03 11:09:16] App.DEBUG: PDO::prepare ["UPDATE `User` SET `last_online`=:last_online WHERE (`user_id`=:user_id)"] []
[2019-05-03 11:09:16] App.DEBUG: PDO::prepare ["SELECT * FROM `UserGroup`  WHERE (name='Administrators' or code='Administrators') LIMIT 1"] []
[2019-05-03 11:09:16] App.DEBUG: PDO::query ["DESCRIBE `UserGroup`"] []
[2019-05-03 11:09:16] App.DEBUG: PDO::query ["DESCRIBE `UserList`"] []
[2019-05-03 11:09:16] App.DEBUG: PDO::prepare ["SELECT * FROM `UserList`  WHERE (`user_id`=:user_id)"] []
[2019-05-03 11:09:16] App.DEBUG: PDO::prepare ["SELECT * FROM `UserGroup`  WHERE (usergroup_id in (select usergroup_id from UserList where user_id=?))"] []
[2019-05-03 11:09:16] App.DEBUG: PDO::prepare ["SELECT * FROM `UserGroup`  WHERE (name='Guests' or code='Guests') LIMIT 1"] []
[2019-05-03 11:09:16] App.DEBUG: PDO::prepare ["SELECT * FROM `ACL`  WHERE (user_id=1 or usergroup_id=1 or special_user=3)"] []
[2019-05-03 11:09:16] App.DEBUG: PDO::prepare ["SELECT * FROM `Translate` "] []
[2019-05-03 11:09:16] App.DEBUG: PDO::query ["DESCRIBE `Translate`"] []
[2019-05-03 11:09:16] App.DEBUG: PDO::prepare ["SELECT count(*) FROM `Config` "] []
[2019-05-03 11:09:16] App.DEBUG: PDO::prepare ["SELECT * FROM `Config`  LIMIT 0,25"] []
