[2019-04-26 16:33:39] App.DEBUG: App::__construct [] []
[2019-04-26 16:33:39] App.DEBUG: PDO::prepare ["SELECT * FROM `Config` "] []
[2019-04-26 16:33:39] App.DEBUG: PDO::query ["DESCRIBE `Config`"] []
[2019-04-26 16:33:39] App.DEBUG: PDO::query ["DESCRIBE `User`"] []
[2019-04-26 16:33:39] App.DEBUG: PDO::prepare ["SELECT * FROM `User`  WHERE (`user_id`=:user_id)"] []
[2019-04-26 16:33:39] App.DEBUG: PDO::prepare ["SELECT * FROM `SystemValue` "] []
[2019-04-26 16:33:39] App.DEBUG: PDO::query ["DESCRIBE `SystemValue`"] []
[2019-04-26 16:33:39] App.DEBUG: App::run [] []
[2019-04-26 16:33:39] App.DEBUG: App request uri:http://127.0.0.1/alt/ [] []
[2019-04-26 16:33:39] App.DEBUG: invoke page [] []
[2019-04-26 16:33:46] App.DEBUG: App::__construct [] []
[2019-04-26 16:33:46] App.DEBUG: PDO::prepare ["SELECT * FROM `Config` "] []
[2019-04-26 16:33:46] App.DEBUG: PDO::query ["DESCRIBE `Config`"] []
[2019-04-26 16:33:46] App.DEBUG: PDO::prepare ["SELECT * FROM `SystemValue` "] []
[2019-04-26 16:33:46] App.DEBUG: PDO::query ["DESCRIBE `SystemValue`"] []
[2019-04-26 16:33:46] App.DEBUG: App::run [] []
[2019-04-26 16:33:46] App.DEBUG: App request uri:http://127.0.0.1/alt/api [] []
[2019-04-26 16:33:46] App.DEBUG: invoke page [] []
[2019-04-26 16:33:46] App.DEBUG: PDO::prepare ["SELECT count(*) FROM `AuthLock`  WHERE (ip=?) AND (value>=3) AND (date_add(`time`,Interval 180 second) > now())"] []
[2019-04-26 16:33:46] App.DEBUG: PDO::prepare ["select user_id,password from User where username=:username and status=0"] []
[2019-04-26 16:33:46] App.DEBUG: PDO::query ["DESCRIBE `User`"] []
[2019-04-26 16:33:46] App.DEBUG: PDO::prepare ["SELECT * FROM `User`  WHERE (`user_id`=:user_id)"] []
[2019-04-26 16:33:46] App.DEBUG: PDO::prepare ["INSERT INTO `UserLog` SET `user_id`=:user_id,`login_dt`=:login_dt,`ip`=:ip,`result`=:result,`user_agent`=:user_agent"] []
[2019-04-26 16:33:46] App.DEBUG: PDO::prepare ["UPDATE `User` SET `last_online`=:last_online WHERE (`user_id`=:user_id)"] []
[2019-04-26 16:33:46] App.DEBUG: PDO::prepare ["SELECT * FROM `AuthLock`  WHERE (`ip`=:ip) LIMIT 1"] []
[2019-04-26 16:33:47] App.DEBUG: App::__construct [] []
[2019-04-26 16:33:47] App.DEBUG: PDO::prepare ["SELECT * FROM `Config` "] []
[2019-04-26 16:33:47] App.DEBUG: PDO::query ["DESCRIBE `Config`"] []
[2019-04-26 16:33:47] App.DEBUG: PDO::prepare ["SELECT * FROM `SystemValue` "] []
[2019-04-26 16:33:47] App.DEBUG: PDO::query ["DESCRIBE `SystemValue`"] []
[2019-04-26 16:33:47] App.DEBUG: App::run [] []
[2019-04-26 16:33:47] App.DEBUG: App request uri:http://127.0.0.1/alt/ [] []
[2019-04-26 16:33:47] App.DEBUG: invoke page [] []
[2019-04-26 16:33:48] App.DEBUG: App::__construct [] []
[2019-04-26 16:33:48] App.DEBUG: PDO::prepare ["SELECT * FROM `Config` "] []
[2019-04-26 16:33:48] App.DEBUG: PDO::query ["DESCRIBE `Config`"] []
[2019-04-26 16:33:48] App.DEBUG: PDO::prepare ["SELECT * FROM `SystemValue` "] []
[2019-04-26 16:33:48] App.DEBUG: PDO::query ["DESCRIBE `SystemValue`"] []
[2019-04-26 16:33:48] App.DEBUG: App::run [] []
[2019-04-26 16:33:48] App.DEBUG: App request uri:http://127.0.0.1/alt/api [] []
[2019-04-26 16:33:48] App.DEBUG: invoke page [] []
[2019-04-26 16:33:48] App.DEBUG: App::__construct [] []
[2019-04-26 16:33:48] App.DEBUG: PDO::prepare ["SELECT count(*) FROM `AuthLock`  WHERE (ip=?) AND (value>=3) AND (date_add(`time`,Interval 180 second) > now())"] []
[2019-04-26 16:33:48] App.DEBUG: PDO::prepare ["select user_id,password from User where username=:username and status=0"] []
[2019-04-26 16:33:48] App.DEBUG: PDO::query ["DESCRIBE `User`"] []
[2019-04-26 16:33:48] App.DEBUG: PDO::prepare ["SELECT * FROM `User`  WHERE (`user_id`=:user_id)"] []
[2019-04-26 16:33:48] App.DEBUG: PDO::prepare ["INSERT INTO `UserLog` SET `user_id`=:user_id,`login_dt`=:login_dt,`ip`=:ip,`result`=:result,`user_agent`=:user_agent"] []
[2019-04-26 16:33:48] App.DEBUG: PDO::prepare ["UPDATE `User` SET `last_online`=:last_online WHERE (`user_id`=:user_id)"] []
[2019-04-26 16:33:48] App.DEBUG: PDO::prepare ["SELECT * FROM `AuthLock`  WHERE (`ip`=:ip) LIMIT 1"] []
[2019-04-26 16:33:49] App.DEBUG: PDO::prepare ["SELECT * FROM `Config` "] []
[2019-04-26 16:33:49] App.DEBUG: PDO::query ["DESCRIBE `Config`"] []
[2019-04-26 16:33:49] App.DEBUG: PDO::prepare ["SELECT * FROM `SystemValue` "] []
[2019-04-26 16:33:49] App.DEBUG: PDO::query ["DESCRIBE `SystemValue`"] []
[2019-04-26 16:33:49] App.DEBUG: App::run [] []
[2019-04-26 16:33:49] App.DEBUG: App request uri:http://127.0.0.1/alt/User [] []
[2019-04-26 16:33:49] App.DEBUG: invoke page [] []
[2019-04-26 16:33:49] App.DEBUG: PDO::query ["DESCRIBE `Module`"] []
[2019-04-26 16:33:49] App.DEBUG: App::__construct [] []
[2019-04-26 16:33:49] App.DEBUG: PDO::query ["DESCRIBE `User`"] []
[2019-04-26 16:33:49] App.DEBUG: PDO::prepare ["UPDATE `User` SET `last_online`=:last_online WHERE (`user_id`=:user_id)"] []
[2019-04-26 16:33:49] App.DEBUG: PDO::prepare ["SELECT * FROM `UserGroup`  WHERE (name='Administrators' or code='Administrators') LIMIT 1"] []
[2019-04-26 16:33:49] App.DEBUG: PDO::query ["DESCRIBE `UserGroup`"] []
[2019-04-26 16:33:49] App.DEBUG: PDO::query ["DESCRIBE `UserList`"] []
[2019-04-26 16:33:49] App.DEBUG: PDO::prepare ["SELECT * FROM `UserList`  WHERE (`user_id`=:user_id)"] []
[2019-04-26 16:33:49] App.DEBUG: PDO::prepare ["SELECT * FROM `UserGroup`  WHERE (usergroup_id in (select usergroup_id from UserList where user_id=?))"] []
[2019-04-26 16:33:49] App.DEBUG: PDO::prepare ["SELECT * FROM `UserGroup`  WHERE (name='Guests' or code='Guests') LIMIT 1"] []
[2019-04-26 16:33:49] App.DEBUG: PDO::prepare ["SELECT * FROM `ACL`  WHERE (user_id=1 or usergroup_id=1 or special_user=3)"] []
[2019-04-26 16:33:49] App.DEBUG: PDO::prepare ["SELECT * FROM `Translate` "] []
[2019-04-26 16:33:49] App.DEBUG: PDO::query ["DESCRIBE `Translate`"] []
[2019-04-26 16:33:50] App.DEBUG: app getModule [] []
[2019-04-26 16:33:50] App.DEBUG: Translate::_ ["System","zh-hk"] []
[2019-04-26 16:33:50] App.DEBUG: PDO::prepare ["SELECT * FROM `Translate`  WHERE (name='System') AND (language='zh-hk') LIMIT 1"] []
[2019-04-26 16:33:50] App.DEBUG: PDO::prepare ["SELECT * FROM `UI`  WHERE (user_id=1) AND (uri='fav')"] []
[2019-04-26 16:33:50] App.DEBUG: PDO::query ["DESCRIBE `UI`"] []
[2019-04-26 16:33:51] App.DEBUG: PDO::prepare ["SELECT * FROM `Config` "] []
[2019-04-26 16:33:51] App.DEBUG: PDO::query ["DESCRIBE `Config`"] []
[2019-04-26 16:33:51] App.DEBUG: PDO::prepare ["SELECT * FROM `SystemValue` "] []
[2019-04-26 16:33:51] App.DEBUG: PDO::query ["DESCRIBE `SystemValue`"] []
[2019-04-26 16:33:51] App.DEBUG: App::run [] []
[2019-04-26 16:33:51] App.DEBUG: App request uri:http://127.0.0.1/alt/ [] []
[2019-04-26 16:33:51] App.DEBUG: invoke page [] []
[2019-04-26 16:33:52] App.DEBUG: App::__construct [] []
[2019-04-26 16:33:52] App.DEBUG: PDO::prepare ["SELECT * FROM `Config` "] []
[2019-04-26 16:33:52] App.DEBUG: PDO::query ["DESCRIBE `Config`"] []
[2019-04-26 16:33:52] App.DEBUG: PDO::prepare ["SELECT * FROM `SystemValue` "] []
[2019-04-26 16:33:52] App.DEBUG: PDO::query ["DESCRIBE `SystemValue`"] []
[2019-04-26 16:33:52] App.DEBUG: App::run [] []
[2019-04-26 16:33:52] App.DEBUG: App request uri:http://127.0.0.1/alt/User [] []
[2019-04-26 16:33:52] App.DEBUG: invoke page [] []
[2019-04-26 16:33:53] App.DEBUG: PDO::query ["DESCRIBE `Module`"] []
[2019-04-26 16:33:53] App.DEBUG: PDO::query ["DESCRIBE `User`"] []
[2019-04-26 16:33:53] App.DEBUG: PDO::prepare ["UPDATE `User` SET `last_online`=:last_online WHERE (`user_id`=:user_id)"] []
[2019-04-26 16:33:53] App.DEBUG: PDO::prepare ["SELECT * FROM `UserGroup`  WHERE (name='Administrators' or code='Administrators') LIMIT 1"] []
[2019-04-26 16:33:53] App.DEBUG: PDO::query ["DESCRIBE `UserGroup`"] []
[2019-04-26 16:33:53] App.DEBUG: PDO::query ["DESCRIBE `UserList`"] []
[2019-04-26 16:33:53] App.DEBUG: PDO::prepare ["SELECT * FROM `UserList`  WHERE (`user_id`=:user_id)"] []
[2019-04-26 16:33:53] App.DEBUG: PDO::prepare ["SELECT * FROM `UserGroup`  WHERE (usergroup_id in (select usergroup_id from UserList where user_id=?))"] []
[2019-04-26 16:33:53] App.DEBUG: PDO::prepare ["SELECT * FROM `UserGroup`  WHERE (name='Guests' or code='Guests') LIMIT 1"] []
[2019-04-26 16:33:53] App.DEBUG: PDO::prepare ["SELECT * FROM `ACL`  WHERE (user_id=1 or usergroup_id=1 or special_user=3)"] []
[2019-04-26 16:33:53] App.DEBUG: PDO::prepare ["SELECT * FROM `Translate` "] []
[2019-04-26 16:33:53] App.DEBUG: PDO::query ["DESCRIBE `Translate`"] []
[2019-04-26 16:33:54] App.DEBUG: app getModule [] []
[2019-04-26 16:33:54] App.DEBUG: Translate::_ ["System","zh-hk"] []
[2019-04-26 16:33:54] App.DEBUG: PDO::prepare ["SELECT * FROM `Translate`  WHERE (name='System') AND (language='zh-hk') LIMIT 1"] []
[2019-04-26 16:33:54] App.DEBUG: PDO::prepare ["SELECT * FROM `UI`  WHERE (user_id=1) AND (uri='fav')"] []
[2019-04-26 16:33:54] App.DEBUG: PDO::query ["DESCRIBE `UI`"] []
[2019-04-26 16:33:55] App.DEBUG: App::__construct [] []
[2019-04-26 16:33:55] App.DEBUG: PDO::prepare ["SELECT * FROM `Config` "] []
[2019-04-26 16:33:55] App.DEBUG: PDO::query ["DESCRIBE `Config`"] []
[2019-04-26 16:33:55] App.DEBUG: PDO::prepare ["SELECT * FROM `SystemValue` "] []
[2019-04-26 16:33:55] App.DEBUG: PDO::query ["DESCRIBE `SystemValue`"] []
[2019-04-26 16:33:55] App.DEBUG: App::run [] []
[2019-04-26 16:33:55] App.DEBUG: App request uri:http://127.0.0.1/alt/User/image [] []
[2019-04-26 16:33:55] App.DEBUG: invoke page [] []
[2019-04-26 16:33:56] App.DEBUG: App::__construct [] []
[2019-04-26 16:33:56] App.DEBUG: PDO::prepare ["SELECT * FROM `Config` "] []
[2019-04-26 16:33:56] App.DEBUG: PDO::query ["DESCRIBE `Config`"] []
[2019-04-26 16:33:56] App.DEBUG: PDO::prepare ["SELECT * FROM `SystemValue` "] []
[2019-04-26 16:33:56] App.DEBUG: PDO::query ["DESCRIBE `SystemValue`"] []
[2019-04-26 16:33:56] App.DEBUG: App::run [] []
[2019-04-26 16:33:56] App.DEBUG: App request uri:http://127.0.0.1/alt/User/list?t=0 [] []
[2019-04-26 16:33:56] App.DEBUG: invoke page [] []
[2019-04-26 16:33:56] App.DEBUG: PDO::query ["DESCRIBE `Module`"] []
[2019-04-26 16:33:56] App.DEBUG: PDO::query ["DESCRIBE `User`"] []
[2019-04-26 16:33:56] App.DEBUG: PDO::prepare ["UPDATE `User` SET `last_online`=:last_online WHERE (`user_id`=:user_id)"] []
[2019-04-26 16:33:56] App.DEBUG: PDO::prepare ["SELECT * FROM `UserGroup`  WHERE (name='Administrators' or code='Administrators') LIMIT 1"] []
[2019-04-26 16:33:56] App.DEBUG: PDO::query ["DESCRIBE `UserGroup`"] []
[2019-04-26 16:33:56] App.DEBUG: PDO::query ["DESCRIBE `UserList`"] []
[2019-04-26 16:33:56] App.DEBUG: PDO::prepare ["SELECT * FROM `UserList`  WHERE (`user_id`=:user_id)"] []
[2019-04-26 16:33:56] App.DEBUG: PDO::prepare ["SELECT * FROM `UserGroup`  WHERE (usergroup_id in (select usergroup_id from UserList where user_id=?))"] []
[2019-04-26 16:33:56] App.DEBUG: PDO::prepare ["SELECT * FROM `UserGroup`  WHERE (name='Guests' or code='Guests') LIMIT 1"] []
[2019-04-26 16:33:56] App.DEBUG: PDO::prepare ["SELECT * FROM `ACL`  WHERE (user_id=1 or usergroup_id=1 or special_user=3)"] []
[2019-04-26 16:33:56] App.DEBUG: PDO::prepare ["SELECT * FROM `Translate` "] []
[2019-04-26 16:33:56] App.DEBUG: PDO::query ["DESCRIBE `Translate`"] []
[2019-04-26 16:33:56] App.DEBUG: PDO::prepare ["SELECT * FROM `UserGroup` "] []
[2019-04-26 16:33:57] App.DEBUG: App::__construct [] []
[2019-04-26 16:33:58] App.DEBUG: PDO::prepare ["SELECT * FROM `Config` "] []
[2019-04-26 16:33:58] App.DEBUG: PDO::query ["DESCRIBE `Config`"] []
[2019-04-26 16:33:58] App.DEBUG: PDO::prepare ["SELECT * FROM `SystemValue` "] []
[2019-04-26 16:33:58] App.DEBUG: PDO::query ["DESCRIBE `SystemValue`"] []
[2019-04-26 16:33:58] App.DEBUG: App::run [] []
[2019-04-26 16:33:58] App.DEBUG: App request uri:http://127.0.0.1/alt/User/list/ds?t=0&_rt=1&draw=2&columns%5B0%5D%5Bname%5D=__view__&columns%5B0%5D%5BsearchMethod%5D=&columns%5B1%5D%5Bname%5D=__edit__&columns%5B1%5D%5BsearchMethod%5D=&columns%5B2%5D%5Bname%5D=__del__&columns%5B2%5D%5BsearchMethod%5D=&columns%5B3%5D%5Bname%5D=username&columns%5B3%5D%5BsearchMethod%5D=like&columns%5B4%5D%5Bname%5D=usergroup_id&columns%5B4%5D%5BsearchMethod%5D=equal&columns%5B5%5D%5Bname%5D=first_name&columns%5B5%5D%5BsearchMethod%5D=like&columns%5B6%5D%5Bname%5D=last_name&columns%5B6%5D%5BsearchMethod%5D=like&columns%5B7%5D%5Bname%5D=phone&columns%5B7%5D%5BsearchMethod%5D=like&columns%5B8%5D%5Bname%5D=email&columns%5B8%5D%5BsearchMethod%5D=like&columns%5B9%5D%5Bname%5D=status&columns%5B9%5D%5BsearchMethod%5D=equal&columns%5B10%5D%5Bname%5D=expiry_date&columns%5B10%5D%5BsearchMethod%5D=date&columns%5B11%5D%5Bname%5D=join_date&columns%5B11%5D%5BsearchMethod%5D=date&columns%5B12%5D%5Bname%5D=language&columns%5B12%5D%5BsearchMethod%5D=&columns%5B13%5D%5Bname%5D=skin&columns%5B13%5D%5BsearchMethod%5D=&columns%5B14%5D%5Bname%5D=isonline&columns%5B14%5D%5BsearchMethod%5D=&order%5B0%5D%5Bname%5D=first_name&order%5B0%5D%5Bdir%5D=desc&page=1&length=25 [] []
[2019-04-26 16:33:58] App.DEBUG: invoke page [] []
[2019-04-26 16:33:58] App.DEBUG: PDO::query ["DESCRIBE `Module`"] []
[2019-04-26 16:33:58] App.DEBUG: PDO::query ["DESCRIBE `User`"] []
[2019-04-26 16:33:58] App.DEBUG: PDO::prepare ["UPDATE `User` SET `last_online`=:last_online WHERE (`user_id`=:user_id)"] []
[2019-04-26 16:33:58] App.DEBUG: PDO::prepare ["SELECT * FROM `UserGroup`  WHERE (name='Administrators' or code='Administrators') LIMIT 1"] []
[2019-04-26 16:33:58] App.DEBUG: PDO::query ["DESCRIBE `UserGroup`"] []
[2019-04-26 16:33:58] App.DEBUG: PDO::query ["DESCRIBE `UserList`"] []
[2019-04-26 16:33:58] App.DEBUG: PDO::prepare ["SELECT * FROM `UserList`  WHERE (`user_id`=:user_id)"] []
[2019-04-26 16:33:58] App.DEBUG: PDO::prepare ["SELECT * FROM `UserGroup`  WHERE (usergroup_id in (select usergroup_id from UserList where user_id=?))"] []
[2019-04-26 16:33:58] App.DEBUG: PDO::prepare ["SELECT * FROM `UserGroup`  WHERE (name='Guests' or code='Guests') LIMIT 1"] []
[2019-04-26 16:33:58] App.DEBUG: PDO::prepare ["SELECT * FROM `ACL`  WHERE (user_id=1 or usergroup_id=1 or special_user=3)"] []
[2019-04-26 16:33:58] App.DEBUG: PDO::prepare ["SELECT * FROM `User`  WHERE (status=?) ORDER BY first_name desc LIMIT 0,25"] []
[2019-04-26 16:33:58] App.DEBUG: PDO::prepare ["SELECT * FROM `UserGroup`  WHERE (name='Users' or code='Users') LIMIT 1"] []
[2019-04-26 16:33:58] App.DEBUG: PDO::prepare ["SELECT * FROM `UserList`  WHERE (`user_id`=:user_id)"] []
[2019-04-26 16:33:58] App.DEBUG: PDO::prepare ["SELECT * FROM `UserGroup`  WHERE (usergroup_id in (select usergroup_id from UserList where user_id=?))"] []
[2019-04-26 16:33:58] App.DEBUG: PDO::prepare ["SELECT * FROM `UserList`  WHERE (`user_id`=:user_id)"] []
[2019-04-26 16:33:58] App.DEBUG: PDO::prepare ["SELECT * FROM `UserGroup`  WHERE (usergroup_id in (select usergroup_id from UserList where user_id=?))"] []
[2019-04-26 16:33:58] App.DEBUG: PDO::prepare ["SELECT * FROM `UserList`  WHERE (`user_id`=:user_id)"] []
[2019-04-26 16:33:58] App.DEBUG: PDO::prepare ["SELECT * FROM `UserGroup`  WHERE (usergroup_id in (select usergroup_id from UserList where user_id=?))"] []
[2019-04-26 16:33:58] App.DEBUG: PDO::prepare ["SELECT * FROM `UserList`  WHERE (`user_id`=:user_id)"] []
[2019-04-26 16:33:58] App.DEBUG: PDO::prepare ["SELECT * FROM `UserGroup`  WHERE (usergroup_id in (select usergroup_id from UserList where user_id=?))"] []
[2019-04-26 16:33:58] App.DEBUG: PDO::prepare ["SELECT count( * ) FROM `User`  WHERE (status=?) ORDER BY first_name desc"] []
[2019-04-26 16:34:05] App.DEBUG: App::__construct [] []
[2019-04-26 16:34:05] App.DEBUG: PDO::prepare ["SELECT * FROM `Config` "] []
[2019-04-26 16:34:05] App.DEBUG: PDO::query ["DESCRIBE `Config`"] []
[2019-04-26 16:34:05] App.DEBUG: PDO::prepare ["SELECT * FROM `SystemValue` "] []
[2019-04-26 16:34:05] App.DEBUG: PDO::query ["DESCRIBE `SystemValue`"] []
[2019-04-26 16:34:05] App.DEBUG: App::run [] []
[2019-04-26 16:34:05] App.DEBUG: App request uri:http://127.0.0.1/alt/User [] []
[2019-04-26 16:34:05] App.DEBUG: invoke page [] []
[2019-04-26 16:34:06] App.DEBUG: PDO::query ["DESCRIBE `Module`"] []
[2019-04-26 16:34:06] App.DEBUG: PDO::query ["DESCRIBE `User`"] []
[2019-04-26 16:34:06] App.DEBUG: PDO::prepare ["UPDATE `User` SET `last_online`=:last_online WHERE (`user_id`=:user_id)"] []
[2019-04-26 16:34:06] App.DEBUG: PDO::prepare ["SELECT * FROM `UserGroup`  WHERE (name='Administrators' or code='Administrators') LIMIT 1"] []
[2019-04-26 16:34:06] App.DEBUG: PDO::query ["DESCRIBE `UserGroup`"] []
[2019-04-26 16:34:06] App.DEBUG: PDO::query ["DESCRIBE `UserList`"] []
[2019-04-26 16:34:06] App.DEBUG: PDO::prepare ["SELECT * FROM `UserList`  WHERE (`user_id`=:user_id)"] []
[2019-04-26 16:34:06] App.DEBUG: PDO::prepare ["SELECT * FROM `UserGroup`  WHERE (usergroup_id in (select usergroup_id from UserList where user_id=?))"] []
[2019-04-26 16:34:06] App.DEBUG: PDO::prepare ["SELECT * FROM `UserGroup`  WHERE (name='Guests' or code='Guests') LIMIT 1"] []
[2019-04-26 16:34:06] App.DEBUG: PDO::prepare ["SELECT * FROM `ACL`  WHERE (user_id=1 or usergroup_id=1 or special_user=3)"] []
[2019-04-26 16:34:06] App.DEBUG: PDO::prepare ["SELECT * FROM `Translate` "] []
[2019-04-26 16:34:06] App.DEBUG: PDO::query ["DESCRIBE `Translate`"] []
[2019-04-26 16:34:08] App.DEBUG: app getModule [] []
[2019-04-26 16:34:08] App.DEBUG: Translate::_ ["System","zh-hk"] []
[2019-04-26 16:34:08] App.DEBUG: PDO::prepare ["SELECT * FROM `Translate`  WHERE (name='System') AND (language='zh-hk') LIMIT 1"] []
[2019-04-26 16:34:08] App.DEBUG: PDO::prepare ["SELECT * FROM `UI`  WHERE (user_id=1) AND (uri='fav')"] []
[2019-04-26 16:34:08] App.DEBUG: PDO::query ["DESCRIBE `UI`"] []
[2019-04-26 16:40:11] App.DEBUG: App::__construct [] []
[2019-04-26 16:40:11] App.DEBUG: PDO::prepare ["SELECT * FROM `Config` "] []
[2019-04-26 16:40:11] App.DEBUG: PDO::query ["DESCRIBE `Config`"] []
[2019-04-26 16:40:11] App.DEBUG: PDO::prepare ["SELECT * FROM `SystemValue` "] []
[2019-04-26 16:40:11] App.DEBUG: PDO::query ["DESCRIBE `SystemValue`"] []
[2019-04-26 16:40:11] App.DEBUG: App::run [] []
[2019-04-26 16:40:11] App.DEBUG: App request uri:http://127.0.0.1/alt/ [] []
[2019-04-26 16:40:11] App.DEBUG: invoke page [] []
[2019-04-26 16:40:12] App.DEBUG: App::__construct [] []
[2019-04-26 16:40:12] App.DEBUG: PDO::prepare ["SELECT * FROM `Config` "] []
[2019-04-26 16:40:12] App.DEBUG: PDO::query ["DESCRIBE `Config`"] []
[2019-04-26 16:40:12] App.DEBUG: PDO::prepare ["SELECT * FROM `SystemValue` "] []
[2019-04-26 16:40:12] App.DEBUG: PDO::query ["DESCRIBE `SystemValue`"] []
[2019-04-26 16:40:12] App.DEBUG: App::run [] []
[2019-04-26 16:40:12] App.DEBUG: App request uri:http://127.0.0.1/alt/User [] []
[2019-04-26 16:40:12] App.DEBUG: invoke page [] []
[2019-04-26 16:40:12] App.DEBUG: PDO::query ["DESCRIBE `Module`"] []
[2019-04-26 16:40:13] App.DEBUG: PDO::query ["DESCRIBE `User`"] []
[2019-04-26 16:40:13] App.DEBUG: PDO::prepare ["UPDATE `User` SET `last_online`=:last_online WHERE (`user_id`=:user_id)"] []
[2019-04-26 16:40:13] App.DEBUG: PDO::prepare ["SELECT * FROM `UserGroup`  WHERE (name='Administrators' or code='Administrators') LIMIT 1"] []
[2019-04-26 16:40:13] App.DEBUG: PDO::query ["DESCRIBE `UserGroup`"] []
[2019-04-26 16:40:13] App.DEBUG: PDO::query ["DESCRIBE `UserList`"] []
[2019-04-26 16:40:13] App.DEBUG: PDO::prepare ["SELECT * FROM `UserList`  WHERE (`user_id`=:user_id)"] []
[2019-04-26 16:40:13] App.DEBUG: PDO::prepare ["SELECT * FROM `UserGroup`  WHERE (usergroup_id in (select usergroup_id from UserList where user_id=?))"] []
[2019-04-26 16:40:13] App.DEBUG: PDO::prepare ["SELECT * FROM `UserGroup`  WHERE (name='Guests' or code='Guests') LIMIT 1"] []
[2019-04-26 16:40:13] App.DEBUG: PDO::prepare ["SELECT * FROM `ACL`  WHERE (user_id=1 or usergroup_id=1 or special_user=3)"] []
[2019-04-26 16:40:13] App.DEBUG: PDO::prepare ["SELECT * FROM `Translate` "] []
[2019-04-26 16:40:13] App.DEBUG: PDO::query ["DESCRIBE `Translate`"] []
[2019-04-26 16:40:14] App.DEBUG: app getModule [] []
[2019-04-26 16:40:14] App.DEBUG: Translate::_ ["System","zh-hk"] []
[2019-04-26 16:40:14] App.DEBUG: PDO::prepare ["SELECT * FROM `Translate`  WHERE (name='System') AND (language='zh-hk') LIMIT 1"] []
[2019-04-26 16:40:14] App.DEBUG: PDO::prepare ["SELECT * FROM `UI`  WHERE (user_id=1) AND (uri='fav')"] []
[2019-04-26 16:40:14] App.DEBUG: PDO::query ["DESCRIBE `UI`"] []
[2019-04-26 16:40:15] App.DEBUG: App::__construct [] []
[2019-04-26 16:40:15] App.DEBUG: PDO::prepare ["SELECT * FROM `Config` "] []
[2019-04-26 16:40:15] App.DEBUG: PDO::query ["DESCRIBE `Config`"] []
[2019-04-26 16:40:15] App.DEBUG: PDO::prepare ["SELECT * FROM `SystemValue` "] []
[2019-04-26 16:40:15] App.DEBUG: PDO::query ["DESCRIBE `SystemValue`"] []
[2019-04-26 16:40:15] App.DEBUG: App::run [] []
[2019-04-26 16:40:15] App.DEBUG: App request uri:http://127.0.0.1/alt/User/image [] []
[2019-04-26 16:40:15] App.DEBUG: invoke page [] []
[2019-04-26 16:40:16] App.DEBUG: App::__construct [] []
[2019-04-26 16:40:16] App.DEBUG: PDO::prepare ["SELECT * FROM `Config` "] []
[2019-04-26 16:40:16] App.DEBUG: PDO::query ["DESCRIBE `Config`"] []
[2019-04-26 16:40:16] App.DEBUG: PDO::prepare ["SELECT * FROM `SystemValue` "] []
[2019-04-26 16:40:16] App.DEBUG: PDO::query ["DESCRIBE `SystemValue`"] []
[2019-04-26 16:40:16] App.DEBUG: App::run [] []
[2019-04-26 16:40:16] App.DEBUG: App request uri:http://127.0.0.1/alt/User/list?t=0 [] []
[2019-04-26 16:40:16] App.DEBUG: invoke page [] []
[2019-04-26 16:40:16] App.DEBUG: PDO::query ["DESCRIBE `Module`"] []
[2019-04-26 16:40:16] App.DEBUG: PDO::query ["DESCRIBE `User`"] []
[2019-04-26 16:40:16] App.DEBUG: PDO::prepare ["UPDATE `User` SET `last_online`=:last_online WHERE (`user_id`=:user_id)"] []
[2019-04-26 16:40:16] App.DEBUG: PDO::prepare ["SELECT * FROM `UserGroup`  WHERE (name='Administrators' or code='Administrators') LIMIT 1"] []
[2019-04-26 16:40:16] App.DEBUG: PDO::query ["DESCRIBE `UserGroup`"] []
[2019-04-26 16:40:16] App.DEBUG: PDO::query ["DESCRIBE `UserList`"] []
[2019-04-26 16:40:16] App.DEBUG: PDO::prepare ["SELECT * FROM `UserList`  WHERE (`user_id`=:user_id)"] []
[2019-04-26 16:40:16] App.DEBUG: PDO::prepare ["SELECT * FROM `UserGroup`  WHERE (usergroup_id in (select usergroup_id from UserList where user_id=?))"] []
[2019-04-26 16:40:16] App.DEBUG: PDO::prepare ["SELECT * FROM `UserGroup`  WHERE (name='Guests' or code='Guests') LIMIT 1"] []
[2019-04-26 16:40:16] App.DEBUG: PDO::prepare ["SELECT * FROM `ACL`  WHERE (user_id=1 or usergroup_id=1 or special_user=3)"] []
[2019-04-26 16:40:16] App.DEBUG: PDO::prepare ["SELECT * FROM `Translate` "] []
[2019-04-26 16:40:16] App.DEBUG: PDO::query ["DESCRIBE `Translate`"] []
[2019-04-26 16:40:16] App.DEBUG: PDO::prepare ["SELECT * FROM `UserGroup` "] []
[2019-04-26 16:40:17] App.DEBUG: App::__construct [] []
[2019-04-26 16:40:17] App.DEBUG: PDO::prepare ["SELECT * FROM `Config` "] []
[2019-04-26 16:40:17] App.DEBUG: PDO::query ["DESCRIBE `Config`"] []
[2019-04-26 16:40:17] App.DEBUG: PDO::prepare ["SELECT * FROM `SystemValue` "] []
[2019-04-26 16:40:17] App.DEBUG: PDO::query ["DESCRIBE `SystemValue`"] []
[2019-04-26 16:40:17] App.DEBUG: App::run [] []
[2019-04-26 16:40:17] App.DEBUG: App request uri:http://127.0.0.1/alt/User/list/ds?t=0&_rt=1&draw=2&columns%5B0%5D%5Bname%5D=__view__&columns%5B0%5D%5BsearchMethod%5D=&columns%5B1%5D%5Bname%5D=__edit__&columns%5B1%5D%5BsearchMethod%5D=&columns%5B2%5D%5Bname%5D=__del__&columns%5B2%5D%5BsearchMethod%5D=&columns%5B3%5D%5Bname%5D=username&columns%5B3%5D%5BsearchMethod%5D=like&columns%5B4%5D%5Bname%5D=usergroup_id&columns%5B4%5D%5BsearchMethod%5D=equal&columns%5B5%5D%5Bname%5D=first_name&columns%5B5%5D%5BsearchMethod%5D=like&columns%5B6%5D%5Bname%5D=last_name&columns%5B6%5D%5BsearchMethod%5D=like&columns%5B7%5D%5Bname%5D=phone&columns%5B7%5D%5BsearchMethod%5D=like&columns%5B8%5D%5Bname%5D=email&columns%5B8%5D%5BsearchMethod%5D=like&columns%5B9%5D%5Bname%5D=status&columns%5B9%5D%5BsearchMethod%5D=equal&columns%5B10%5D%5Bname%5D=expiry_date&columns%5B10%5D%5BsearchMethod%5D=date&columns%5B11%5D%5Bname%5D=join_date&columns%5B11%5D%5BsearchMethod%5D=date&columns%5B12%5D%5Bname%5D=language&columns%5B12%5D%5BsearchMethod%5D=&columns%5B13%5D%5Bname%5D=skin&columns%5B13%5D%5BsearchMethod%5D=&columns%5B14%5D%5Bname%5D=isonline&columns%5B14%5D%5BsearchMethod%5D=&order%5B0%5D%5Bname%5D=first_name&order%5B0%5D%5Bdir%5D=desc&page=1&length=25 [] []
[2019-04-26 16:40:17] App.DEBUG: invoke page [] []
[2019-04-26 16:40:17] App.DEBUG: PDO::query ["DESCRIBE `Module`"] []
[2019-04-26 16:40:17] App.DEBUG: PDO::query ["DESCRIBE `User`"] []
[2019-04-26 16:40:17] App.DEBUG: PDO::prepare ["UPDATE `User` SET `last_online`=:last_online WHERE (`user_id`=:user_id)"] []
[2019-04-26 16:40:17] App.DEBUG: PDO::prepare ["SELECT * FROM `UserGroup`  WHERE (name='Administrators' or code='Administrators') LIMIT 1"] []
[2019-04-26 16:40:17] App.DEBUG: PDO::query ["DESCRIBE `UserGroup`"] []
[2019-04-26 16:40:17] App.DEBUG: PDO::query ["DESCRIBE `UserList`"] []
[2019-04-26 16:40:17] App.DEBUG: PDO::prepare ["SELECT * FROM `UserList`  WHERE (`user_id`=:user_id)"] []
[2019-04-26 16:40:17] App.DEBUG: PDO::prepare ["SELECT * FROM `UserGroup`  WHERE (usergroup_id in (select usergroup_id from UserList where user_id=?))"] []
[2019-04-26 16:40:17] App.DEBUG: PDO::prepare ["SELECT * FROM `UserGroup`  WHERE (name='Guests' or code='Guests') LIMIT 1"] []
[2019-04-26 16:40:17] App.DEBUG: PDO::prepare ["SELECT * FROM `ACL`  WHERE (user_id=1 or usergroup_id=1 or special_user=3)"] []
[2019-04-26 16:40:17] App.DEBUG: PDO::prepare ["SELECT * FROM `User`  WHERE (status=?) ORDER BY first_name desc LIMIT 0,25"] []
[2019-04-26 16:40:17] App.DEBUG: PDO::prepare ["SELECT * FROM `UserGroup`  WHERE (name='Users' or code='Users') LIMIT 1"] []
[2019-04-26 16:40:17] App.DEBUG: PDO::prepare ["SELECT * FROM `UserList`  WHERE (`user_id`=:user_id)"] []
[2019-04-26 16:40:17] App.DEBUG: PDO::prepare ["SELECT * FROM `UserGroup`  WHERE (usergroup_id in (select usergroup_id from UserList where user_id=?))"] []
[2019-04-26 16:40:17] App.DEBUG: PDO::prepare ["SELECT * FROM `UserList`  WHERE (`user_id`=:user_id)"] []
[2019-04-26 16:40:17] App.DEBUG: PDO::prepare ["SELECT * FROM `UserGroup`  WHERE (usergroup_id in (select usergroup_id from UserList where user_id=?))"] []
[2019-04-26 16:40:17] App.DEBUG: PDO::prepare ["SELECT * FROM `UserList`  WHERE (`user_id`=:user_id)"] []
[2019-04-26 16:40:17] App.DEBUG: PDO::prepare ["SELECT * FROM `UserGroup`  WHERE (usergroup_id in (select usergroup_id from UserList where user_id=?))"] []
[2019-04-26 16:40:17] App.DEBUG: PDO::prepare ["SELECT * FROM `UserList`  WHERE (`user_id`=:user_id)"] []
[2019-04-26 16:40:17] App.DEBUG: PDO::prepare ["SELECT * FROM `UserGroup`  WHERE (usergroup_id in (select usergroup_id from UserList where user_id=?))"] []
[2019-04-26 16:40:17] App.DEBUG: PDO::prepare ["SELECT count( * ) FROM `User`  WHERE (status=?) ORDER BY first_name desc"] []
[2019-04-26 16:40:26] App.DEBUG: App::__construct [] []
[2019-04-26 16:40:26] App.DEBUG: PDO::prepare ["SELECT * FROM `Config` "] []
[2019-04-26 16:40:26] App.DEBUG: PDO::query ["DESCRIBE `Config`"] []
[2019-04-26 16:40:26] App.DEBUG: PDO::prepare ["SELECT * FROM `SystemValue` "] []
[2019-04-26 16:40:26] App.DEBUG: PDO::query ["DESCRIBE `SystemValue`"] []
[2019-04-26 16:40:26] App.DEBUG: App::run [] []
[2019-04-26 16:40:26] App.DEBUG: App request uri:http://127.0.0.1/alt/User [] []
[2019-04-26 16:40:26] App.DEBUG: invoke page [] []
[2019-04-26 16:40:26] App.DEBUG: PDO::query ["DESCRIBE `Module`"] []
[2019-04-26 16:40:26] App.DEBUG: PDO::query ["DESCRIBE `User`"] []
[2019-04-26 16:40:26] App.DEBUG: PDO::prepare ["UPDATE `User` SET `last_online`=:last_online WHERE (`user_id`=:user_id)"] []
[2019-04-26 16:40:26] App.DEBUG: PDO::prepare ["SELECT * FROM `UserGroup`  WHERE (name='Administrators' or code='Administrators') LIMIT 1"] []
[2019-04-26 16:40:26] App.DEBUG: PDO::query ["DESCRIBE `UserGroup`"] []
[2019-04-26 16:40:26] App.DEBUG: PDO::query ["DESCRIBE `UserList`"] []
[2019-04-26 16:40:26] App.DEBUG: PDO::prepare ["SELECT * FROM `UserList`  WHERE (`user_id`=:user_id)"] []
[2019-04-26 16:40:26] App.DEBUG: PDO::prepare ["SELECT * FROM `UserGroup`  WHERE (usergroup_id in (select usergroup_id from UserList where user_id=?))"] []
[2019-04-26 16:40:26] App.DEBUG: PDO::prepare ["SELECT * FROM `UserGroup`  WHERE (name='Guests' or code='Guests') LIMIT 1"] []
[2019-04-26 16:40:26] App.DEBUG: PDO::prepare ["SELECT * FROM `ACL`  WHERE (user_id=1 or usergroup_id=1 or special_user=3)"] []
[2019-04-26 16:40:26] App.DEBUG: PDO::prepare ["SELECT * FROM `Translate` "] []
[2019-04-26 16:40:26] App.DEBUG: PDO::query ["DESCRIBE `Translate`"] []
[2019-04-26 16:40:28] App.DEBUG: app getModule [] []
[2019-04-26 16:40:28] App.DEBUG: Translate::_ ["System","zh-hk"] []
[2019-04-26 16:40:28] App.DEBUG: PDO::prepare ["SELECT * FROM `Translate`  WHERE (name='System') AND (language='zh-hk') LIMIT 1"] []
[2019-04-26 16:40:28] App.DEBUG: PDO::prepare ["SELECT * FROM `UI`  WHERE (user_id=1) AND (uri='fav')"] []
[2019-04-26 16:40:28] App.DEBUG: PDO::query ["DESCRIBE `UI`"] []
