[2019-02-14 17:46:45] App.DEBUG: App::__construct [] []
[2019-02-14 17:46:45] App.DEBUG: PDO::prepare ["SELECT * FROM `Config` "] []
[2019-02-14 17:46:45] App.DEBUG: PDO::query ["DESCRIBE `Config`"] []
[2019-02-14 17:46:45] App.DEBUG: PDO::prepare ["SELECT * FROM `SystemValue` "] []
[2019-02-14 17:46:45] App.DEBUG: PDO::query ["DESCRIBE `SystemValue`"] []
[2019-02-14 17:46:45] App.DEBUG: App::run [] []
[2019-02-14 17:46:45] App.DEBUG: App request uri:http://127.0.0.1/alt/User [] []
[2019-02-14 17:46:45] App.DEBUG: invoke page [] []
[2019-02-14 17:46:46] App.DEBUG: PDO::query ["DESCRIBE `Module`"] []
[2019-02-14 17:46:46] App.DEBUG: PDO::query ["DESCRIBE `User`"] []
[2019-02-14 17:46:46] App.DEBUG: PDO::prepare ["UPDATE `User` SET `last_online`=:last_online WHERE (`user_id`=:user_id)"] []
[2019-02-14 17:46:46] App.DEBUG: PDO::prepare ["SELECT * FROM `UserGroup`  WHERE (name='Administrators') LIMIT 1"] []
[2019-02-14 17:46:46] App.DEBUG: PDO::query ["DESCRIBE `UserGroup`"] []
[2019-02-14 17:46:46] App.DEBUG: PDO::query ["DESCRIBE `UserList`"] []
[2019-02-14 17:46:46] App.DEBUG: PDO::prepare ["SELECT count( * ) FROM `UserList`  WHERE (`user_id`=:user_id) AND (`usergroup_id`=:usergroup_id)"] []
[2019-02-14 17:46:46] App.DEBUG: PDO::prepare ["SELECT * FROM `UserGroup`  WHERE (usergroup_id in (select usergroup_id from UserList where user_id=?))"] []
[2019-02-14 17:46:46] App.DEBUG: PDO::prepare ["SELECT * FROM `UserGroup`  WHERE (name='Guests') LIMIT 1"] []
[2019-02-14 17:46:46] App.DEBUG: PDO::prepare ["SELECT count( * ) FROM `UserList`  WHERE (`user_id`=:user_id) AND (`usergroup_id`=:usergroup_id)"] []
[2019-02-14 17:46:46] App.DEBUG: PDO::prepare ["SELECT * FROM `ACL`  WHERE (module = 'User') AND (user_id=1 or usergroup_id=1 or special_user=3) AND ((action='FC') or ((((type=0 and path='index') or (type=1 and 'index' regexp path)))))"] []
[2019-02-14 17:46:46] App.DEBUG: PDO::prepare ["SELECT * FROM `Translate`  WHERE (module is null) AND (language='zh-hk')"] []
[2019-02-14 17:46:46] App.DEBUG: PDO::prepare ["SELECT * FROM `Translate`  WHERE (module='User') AND (language='zh-hk')"] []
[2019-02-14 17:46:46] App.DEBUG: PDO::prepare ["SELECT * FROM `UserGroup`  WHERE (usergroup_id in (select usergroup_id from UserList where user_id=?))"] []
[2019-02-14 17:46:46] App.DEBUG: PDO::prepare ["SELECT * FROM `ACL`  WHERE (module = 'User') AND (user_id=1 or usergroup_id=1 or special_user=3) AND ((action='FC') or ((((type=0 and path='list') or (type=1 and 'list' regexp path)))))"] []
[2019-02-14 17:46:46] App.DEBUG: PDO::prepare ["SELECT * FROM `UserGroup`  WHERE (usergroup_id in (select usergroup_id from UserList where user_id=?))"] []
[2019-02-14 17:46:46] App.DEBUG: PDO::prepare ["SELECT * FROM `ACL`  WHERE (module = 'User') AND (user_id=1 or usergroup_id=1 or special_user=3) AND ((action='FC') or ((((type=0 and path='list') or (type=1 and 'list' regexp path)))))"] []
[2019-02-14 17:46:46] App.DEBUG: PDO::prepare ["SELECT * FROM `UserGroup`  WHERE (usergroup_id in (select usergroup_id from UserList where user_id=?))"] []
[2019-02-14 17:46:46] App.DEBUG: PDO::prepare ["SELECT * FROM `ACL`  WHERE (module = 'User') AND (user_id=1 or usergroup_id=1 or special_user=3) AND ((action='FC') or ((((type=0 and path='list') or (type=1 and 'list' regexp path)))))"] []
[2019-02-14 17:46:46] App.DEBUG: PDO::prepare ["SELECT * FROM `UserGroup`  WHERE (usergroup_id in (select usergroup_id from UserList where user_id=?))"] []
[2019-02-14 17:46:46] App.DEBUG: PDO::prepare ["SELECT * FROM `ACL`  WHERE (module = 'User') AND (user_id=1 or usergroup_id=1 or special_user=3) AND ((action='FC') or ((((type=0 and path='list2') or (type=1 and 'list2' regexp path)))))"] []
[2019-02-14 17:46:46] App.DEBUG: PDO::prepare ["SELECT * FROM `UserGroup`  WHERE (usergroup_id in (select usergroup_id from UserList where user_id=?))"] []
[2019-02-14 17:46:46] App.DEBUG: app getModule [] []
[2019-02-14 17:46:46] App.DEBUG: PDO::prepare ["SELECT * FROM `UserGroup`  WHERE (usergroup_id in (select usergroup_id from UserList where user_id=?))"] []
[2019-02-14 17:46:46] App.DEBUG: PDO::prepare ["SELECT * FROM `ACL`  WHERE (module = 'Dashboard') AND (user_id=1 or usergroup_id=1 or special_user=3) AND ((action='FC') or ((((type=0 and path='') or (type=1 and '' regexp path)))))"] []
[2019-02-14 17:46:46] App.DEBUG: PDO::prepare ["SELECT * FROM `Translate`  WHERE (module is null) AND (language='zh-hk')"] []
[2019-02-14 17:46:46] App.DEBUG: PDO::prepare ["SELECT * FROM `Translate`  WHERE (module='Dashboard') AND (language='zh-hk')"] []
[2019-02-14 17:46:46] App.DEBUG: PDO::prepare ["SELECT * FROM `Translate`  WHERE (name='System') AND (language='zh-hk') LIMIT 1"] []
[2019-02-14 17:46:46] App.DEBUG: PDO::prepare ["SELECT * FROM `UserGroup`  WHERE (usergroup_id in (select usergroup_id from UserList where user_id=?))"] []
[2019-02-14 17:46:46] App.DEBUG: PDO::prepare ["SELECT * FROM `ACL`  WHERE (module = 'ACL') AND (user_id=1 or usergroup_id=1 or special_user=3) AND ((action='FC') or ((((type=0 and path='') or (type=1 and '' regexp path)))))"] []
[2019-02-14 17:46:46] App.DEBUG: PDO::prepare ["SELECT * FROM `Translate`  WHERE (module is null) AND (language='zh-hk')"] []
[2019-02-14 17:46:46] App.DEBUG: PDO::prepare ["SELECT * FROM `Translate`  WHERE (module='ACL') AND (language='zh-hk')"] []
[2019-02-14 17:46:46] App.DEBUG: PDO::prepare ["SELECT * FROM `UserGroup`  WHERE (usergroup_id in (select usergroup_id from UserList where user_id=?))"] []
[2019-02-14 17:46:46] App.DEBUG: PDO::prepare ["SELECT * FROM `ACL`  WHERE (module = 'App\\\\SystemValue') AND (user_id=1 or usergroup_id=1 or special_user=3) AND ((action='FC') or (action='C'))"] []
[2019-02-14 17:46:46] App.DEBUG: PDO::prepare ["SELECT * FROM `Translate`  WHERE (module is null) AND (language='zh-hk')"] []
[2019-02-14 17:46:46] App.DEBUG: PDO::prepare ["SELECT * FROM `Translate`  WHERE (module='SystemValue') AND (language='zh-hk')"] []
[2019-02-14 17:46:46] App.DEBUG: PDO::prepare ["SELECT * FROM `UserGroup`  WHERE (usergroup_id in (select usergroup_id from UserList where user_id=?))"] []
[2019-02-14 17:46:46] App.DEBUG: PDO::prepare ["SELECT * FROM `ACL`  WHERE (module = 'SystemValue') AND (user_id=1 or usergroup_id=1 or special_user=3) AND ((action='FC') or ((((type=0 and path='') or (type=1 and '' regexp path)))))"] []
[2019-02-14 17:46:46] App.DEBUG: PDO::prepare ["SELECT * FROM `UserGroup`  WHERE (usergroup_id in (select usergroup_id from UserList where user_id=?))"] []
[2019-02-14 17:46:46] App.DEBUG: PDO::prepare ["SELECT * FROM `ACL`  WHERE (module = 'UserLog') AND (user_id=1 or usergroup_id=1 or special_user=3) AND ((action='FC') or ((((type=0 and path='') or (type=1 and '' regexp path)))))"] []
[2019-02-14 17:46:46] App.DEBUG: PDO::prepare ["SELECT * FROM `Translate`  WHERE (module is null) AND (language='zh-hk')"] []
[2019-02-14 17:46:46] App.DEBUG: PDO::prepare ["SELECT * FROM `Translate`  WHERE (module='UserLog') AND (language='zh-hk')"] []
[2019-02-14 17:46:46] App.DEBUG: PDO::prepare ["SELECT * FROM `UserGroup`  WHERE (usergroup_id in (select usergroup_id from UserList where user_id=?))"] []
[2019-02-14 17:46:46] App.DEBUG: PDO::prepare ["SELECT * FROM `ACL`  WHERE (module = 'UserGroup') AND (user_id=1 or usergroup_id=1 or special_user=3) AND ((action='FC') or ((((type=0 and path='ae_user') or (type=1 and 'ae_user' regexp path)))))"] []
[2019-02-14 17:46:46] App.DEBUG: PDO::prepare ["SELECT * FROM `Translate`  WHERE (module is null) AND (language='zh-hk')"] []
[2019-02-14 17:46:46] App.DEBUG: PDO::prepare ["SELECT * FROM `Translate`  WHERE (module='UserGroup') AND (language='zh-hk')"] []
[2019-02-14 17:46:46] App.DEBUG: PDO::prepare ["SELECT * FROM `UserGroup`  WHERE (usergroup_id in (select usergroup_id from UserList where user_id=?))"] []
[2019-02-14 17:46:46] App.DEBUG: PDO::prepare ["SELECT * FROM `ACL`  WHERE (module = 'App\\\\UserGroup') AND (user_id=1 or usergroup_id=1 or special_user=3) AND ((action='FC') or (action='C'))"] []
[2019-02-14 17:46:46] App.DEBUG: PDO::prepare ["SELECT * FROM `UserGroup`  WHERE (usergroup_id in (select usergroup_id from UserList where user_id=?))"] []
[2019-02-14 17:46:46] App.DEBUG: PDO::prepare ["SELECT * FROM `ACL`  WHERE (module = 'UserGroup') AND (user_id=1 or usergroup_id=1 or special_user=3) AND ((action='FC') or ((((type=0 and path='') or (type=1 and '' regexp path)))))"] []
[2019-02-14 17:46:46] App.DEBUG: PDO::prepare ["SELECT * FROM `UserGroup`  WHERE (usergroup_id in (select usergroup_id from UserList where user_id=?))"] []
[2019-02-14 17:46:46] App.DEBUG: PDO::prepare ["SELECT * FROM `ACL`  WHERE (module = 'User') AND (user_id=1 or usergroup_id=1 or special_user=3) AND ((action='FC') or ((((type=0 and path='myfav') or (type=1 and 'myfav' regexp path)))))"] []
[2019-02-14 17:46:46] App.DEBUG: PDO::prepare ["SELECT * FROM `UserGroup`  WHERE (usergroup_id in (select usergroup_id from UserList where user_id=?))"] []
[2019-02-14 17:46:46] App.DEBUG: PDO::prepare ["SELECT * FROM `ACL`  WHERE (module = 'App\\\\User') AND (user_id=1 or usergroup_id=1 or special_user=3) AND ((action='FC') or (action='C'))"] []
[2019-02-14 17:46:46] App.DEBUG: PDO::prepare ["SELECT * FROM `UserGroup`  WHERE (usergroup_id in (select usergroup_id from UserList where user_id=?))"] []
[2019-02-14 17:46:46] App.DEBUG: PDO::prepare ["SELECT * FROM `ACL`  WHERE (module = 'User') AND (user_id=1 or usergroup_id=1 or special_user=3) AND ((action='FC') or ((((type=0 and path='') or (type=1 and '' regexp path)))))"] []
[2019-02-14 17:46:46] App.DEBUG: PDO::prepare ["SELECT * FROM `UserGroup`  WHERE (usergroup_id in (select usergroup_id from UserList where user_id=?))"] []
[2019-02-14 17:46:46] App.DEBUG: PDO::prepare ["SELECT * FROM `ACL`  WHERE (module = 'System') AND (user_id=1 or usergroup_id=1 or special_user=3) AND ((action='FC') or ((((type=0 and path='front_translate_twig') or (type=1 and 'front_translate_twig' regexp path)))))"] []
[2019-02-14 17:46:46] App.DEBUG: PDO::prepare ["SELECT * FROM `Translate`  WHERE (module is null) AND (language='zh-hk')"] []
[2019-02-14 17:46:46] App.DEBUG: PDO::prepare ["SELECT * FROM `Translate`  WHERE (module='Translate') AND (language='zh-hk')"] []
[2019-02-14 17:46:46] App.DEBUG: PDO::prepare ["SELECT * FROM `UserGroup`  WHERE (usergroup_id in (select usergroup_id from UserList where user_id=?))"] []
[2019-02-14 17:46:46] App.DEBUG: PDO::prepare ["SELECT * FROM `ACL`  WHERE (module = 'Translate') AND (user_id=1 or usergroup_id=1 or special_user=3) AND ((action='FC') or ((((type=0 and path='all') or (type=1 and 'all' regexp path)))))"] []
[2019-02-14 17:46:46] App.DEBUG: PDO::prepare ["SELECT * FROM `UserGroup`  WHERE (usergroup_id in (select usergroup_id from UserList where user_id=?))"] []
[2019-02-14 17:46:46] App.DEBUG: PDO::prepare ["SELECT * FROM `ACL`  WHERE (module = 'App\\\\Translate') AND (user_id=1 or usergroup_id=1 or special_user=3) AND ((action='FC') or (action='C'))"] []
[2019-02-14 17:46:46] App.DEBUG: PDO::prepare ["SELECT * FROM `UserGroup`  WHERE (usergroup_id in (select usergroup_id from UserList where user_id=?))"] []
[2019-02-14 17:46:46] App.DEBUG: PDO::prepare ["SELECT * FROM `ACL`  WHERE (module = 'Translate') AND (user_id=1 or usergroup_id=1 or special_user=3) AND ((action='FC') or ((((type=0 and path='') or (type=1 and '' regexp path)))))"] []
[2019-02-14 17:46:46] App.DEBUG: PDO::prepare ["SELECT * FROM `UserGroup`  WHERE (usergroup_id in (select usergroup_id from UserList where user_id=?))"] []
[2019-02-14 17:46:46] App.DEBUG: PDO::prepare ["SELECT * FROM `ACL`  WHERE (module = 'System') AND (user_id=1 or usergroup_id=1 or special_user=3) AND ((action='FC') or ((((type=0 and path='update') or (type=1 and 'update' regexp path)))))"] []
[2019-02-14 17:46:46] App.DEBUG: PDO::prepare ["SELECT * FROM `Translate`  WHERE (module is null) AND (language='zh-hk')"] []
[2019-02-14 17:46:46] App.DEBUG: PDO::prepare ["SELECT * FROM `Translate`  WHERE (module='System') AND (language='zh-hk')"] []
[2019-02-14 17:46:46] App.DEBUG: PDO::prepare ["SELECT * FROM `UserGroup`  WHERE (usergroup_id in (select usergroup_id from UserList where user_id=?))"] []
[2019-02-14 17:46:46] App.DEBUG: PDO::prepare ["SELECT * FROM `ACL`  WHERE (module = 'System') AND (user_id=1 or usergroup_id=1 or special_user=3) AND ((action='FC') or ((((type=0 and path='front_translate_twig') or (type=1 and 'front_translate_twig' regexp path)))))"] []
[2019-02-14 17:46:46] App.DEBUG: PDO::prepare ["SELECT * FROM `UserGroup`  WHERE (usergroup_id in (select usergroup_id from UserList where user_id=?))"] []
[2019-02-14 17:46:46] App.DEBUG: PDO::prepare ["SELECT * FROM `ACL`  WHERE (module = 'System') AND (user_id=1 or usergroup_id=1 or special_user=3) AND ((action='FC') or ((((type=0 and path='composer') or (type=1 and 'composer' regexp path)))))"] []
[2019-02-14 17:46:46] App.DEBUG: PDO::prepare ["SELECT * FROM `UserGroup`  WHERE (usergroup_id in (select usergroup_id from UserList where user_id=?))"] []
[2019-02-14 17:46:46] App.DEBUG: PDO::prepare ["SELECT * FROM `ACL`  WHERE (module = 'System') AND (user_id=1 or usergroup_id=1 or special_user=3) AND ((action='FC') or ((((type=0 and path='db_check') or (type=1 and 'db_check' regexp path)))))"] []
[2019-02-14 17:46:46] App.DEBUG: PDO::prepare ["SELECT * FROM `UserGroup`  WHERE (usergroup_id in (select usergroup_id from UserList where user_id=?))"] []
[2019-02-14 17:46:46] App.DEBUG: PDO::prepare ["SELECT * FROM `ACL`  WHERE (module = 'System') AND (user_id=1 or usergroup_id=1 or special_user=3) AND ((action='FC') or ((((type=0 and path='export') or (type=1 and 'export' regexp path)))))"] []
[2019-02-14 17:46:46] App.DEBUG: PDO::prepare ["SELECT * FROM `UserGroup`  WHERE (usergroup_id in (select usergroup_id from UserList where user_id=?))"] []
[2019-02-14 17:46:46] App.DEBUG: PDO::prepare ["SELECT * FROM `ACL`  WHERE (module = 'System') AND (user_id=1 or usergroup_id=1 or special_user=3) AND ((action='FC') or ((((type=0 and path='phpunit') or (type=1 and 'phpunit' regexp path)))))"] []
[2019-02-14 17:46:46] App.DEBUG: PDO::prepare ["SELECT * FROM `UserGroup`  WHERE (usergroup_id in (select usergroup_id from UserList where user_id=?))"] []
[2019-02-14 17:46:46] App.DEBUG: PDO::prepare ["SELECT * FROM `ACL`  WHERE (module = 'System') AND (user_id=1 or usergroup_id=1 or special_user=3) AND ((action='FC') or ((((type=0 and path='db') or (type=1 and 'db' regexp path)))))"] []
[2019-02-14 17:46:46] App.DEBUG: PDO::prepare ["SELECT * FROM `UserGroup`  WHERE (usergroup_id in (select usergroup_id from UserList where user_id=?))"] []
[2019-02-14 17:46:46] App.DEBUG: PDO::prepare ["SELECT * FROM `ACL`  WHERE (module = 'System') AND (user_id=1 or usergroup_id=1 or special_user=3) AND ((action='FC') or ((((type=0 and path='') or (type=1 and '' regexp path)))))"] []
[2019-02-14 17:46:46] App.DEBUG: PDO::prepare ["SELECT * FROM `UserGroup`  WHERE (usergroup_id in (select usergroup_id from UserList where user_id=?))"] []
[2019-02-14 17:46:46] App.DEBUG: PDO::prepare ["SELECT * FROM `ACL`  WHERE (module = 'SystemBackup') AND (user_id=1 or usergroup_id=1 or special_user=3) AND ((action='FC') or ((((type=0 and path='') or (type=1 and '' regexp path)))))"] []
[2019-02-14 17:46:46] App.DEBUG: PDO::prepare ["SELECT * FROM `Translate`  WHERE (module is null) AND (language='zh-hk')"] []
[2019-02-14 17:46:46] App.DEBUG: PDO::prepare ["SELECT * FROM `Translate`  WHERE (module='SystemBackup') AND (language='zh-hk')"] []
[2019-02-14 17:46:46] App.DEBUG: PDO::prepare ["SELECT * FROM `UserGroup`  WHERE (usergroup_id in (select usergroup_id from UserList where user_id=?))"] []
[2019-02-14 17:46:46] App.DEBUG: PDO::prepare ["SELECT * FROM `ACL`  WHERE (module = 'Config') AND (user_id=1 or usergroup_id=1 or special_user=3) AND ((action='FC') or ((((type=0 and path='ae') or (type=1 and 'ae' regexp path)))))"] []
[2019-02-14 17:46:46] App.DEBUG: PDO::prepare ["SELECT * FROM `Translate`  WHERE (module is null) AND (language='zh-hk')"] []
[2019-02-14 17:46:46] App.DEBUG: PDO::prepare ["SELECT * FROM `Translate`  WHERE (module='Config') AND (language='zh-hk')"] []
[2019-02-14 17:46:46] App.DEBUG: PDO::prepare ["SELECT * FROM `UserGroup`  WHERE (usergroup_id in (select usergroup_id from UserList where user_id=?))"] []
[2019-02-14 17:46:46] App.DEBUG: PDO::prepare ["SELECT * FROM `ACL`  WHERE (module = 'App\\\\Config') AND (user_id=1 or usergroup_id=1 or special_user=3) AND ((action='FC') or (action='C'))"] []
[2019-02-14 17:46:46] App.DEBUG: PDO::prepare ["SELECT * FROM `UserGroup`  WHERE (usergroup_id in (select usergroup_id from UserList where user_id=?))"] []
[2019-02-14 17:46:46] App.DEBUG: PDO::prepare ["SELECT * FROM `ACL`  WHERE (module = 'Config') AND (user_id=1 or usergroup_id=1 or special_user=3) AND ((action='FC') or ((((type=0 and path='') or (type=1 and '' regexp path)))))"] []
[2019-02-14 17:46:46] App.DEBUG: PDO::prepare ["SELECT * FROM `UserGroup`  WHERE (usergroup_id in (select usergroup_id from UserList where user_id=?))"] []
[2019-02-14 17:46:46] App.DEBUG: PDO::prepare ["SELECT * FROM `ACL`  WHERE (module = 'App\\\\PageBuilder') AND (user_id=1 or usergroup_id=1 or special_user=3) AND ((action='FC') or (action='C'))"] []
[2019-02-14 17:46:46] App.DEBUG: PDO::prepare ["SELECT * FROM `Translate`  WHERE (module is null) AND (language='zh-hk')"] []
[2019-02-14 17:46:46] App.DEBUG: PDO::prepare ["SELECT * FROM `Translate`  WHERE (module='PageBuilder') AND (language='zh-hk')"] []
[2019-02-14 17:46:46] App.DEBUG: PDO::prepare ["SELECT * FROM `UserGroup`  WHERE (usergroup_id in (select usergroup_id from UserList where user_id=?))"] []
[2019-02-14 17:46:46] App.DEBUG: PDO::prepare ["SELECT * FROM `ACL`  WHERE (module = 'PageBuilder') AND (user_id=1 or usergroup_id=1 or special_user=3) AND ((action='FC') or ((((type=0 and path='') or (type=1 and '' regexp path)))))"] []
[2019-02-14 17:46:46] App.DEBUG: PDO::prepare ["SELECT * FROM `UserGroup`  WHERE (usergroup_id in (select usergroup_id from UserList where user_id=?))"] []
[2019-02-14 17:46:46] App.DEBUG: PDO::prepare ["SELECT * FROM `ACL`  WHERE (module = 'Module') AND (user_id=1 or usergroup_id=1 or special_user=3) AND ((action='FC') or ((((type=0 and path='install') or (type=1 and 'install' regexp path)))))"] []
[2019-02-14 17:46:46] App.DEBUG: PDO::prepare ["SELECT * FROM `Translate`  WHERE (module is null) AND (language='zh-hk')"] []
[2019-02-14 17:46:46] App.DEBUG: PDO::prepare ["SELECT * FROM `Translate`  WHERE (module='Module') AND (language='zh-hk')"] []
[2019-02-14 17:46:46] App.DEBUG: PDO::prepare ["SELECT * FROM `UserGroup`  WHERE (usergroup_id in (select usergroup_id from UserList where user_id=?))"] []
[2019-02-14 17:46:46] App.DEBUG: PDO::prepare ["SELECT * FROM `ACL`  WHERE (module = 'App\\\\Module') AND (user_id=1 or usergroup_id=1 or special_user=3) AND ((action='FC') or (action='C'))"] []
[2019-02-14 17:46:46] App.DEBUG: PDO::prepare ["SELECT * FROM `UserGroup`  WHERE (usergroup_id in (select usergroup_id from UserList where user_id=?))"] []
[2019-02-14 17:46:46] App.DEBUG: PDO::prepare ["SELECT * FROM `ACL`  WHERE (module = 'Module') AND (user_id=1 or usergroup_id=1 or special_user=3) AND ((action='FC') or ((((type=0 and path='') or (type=1 and '' regexp path)))))"] []
[2019-02-14 17:46:46] App.DEBUG: PDO::prepare ["SELECT * FROM `UserGroup`  WHERE (usergroup_id in (select usergroup_id from UserList where user_id=?))"] []
[2019-02-14 17:46:46] App.DEBUG: PDO::prepare ["SELECT * FROM `ACL`  WHERE (module = 'MailLog') AND (user_id=1 or usergroup_id=1 or special_user=3) AND ((action='FC') or ((((type=0 and path='') or (type=1 and '' regexp path)))))"] []
[2019-02-14 17:46:46] App.DEBUG: PDO::prepare ["SELECT * FROM `Translate`  WHERE (module is null) AND (language='zh-hk')"] []
[2019-02-14 17:46:46] App.DEBUG: PDO::prepare ["SELECT * FROM `Translate`  WHERE (module='MailLog') AND (language='zh-hk')"] []
[2019-02-14 17:46:46] App.DEBUG: PDO::prepare ["SELECT * FROM `UserGroup`  WHERE (usergroup_id in (select usergroup_id from UserList where user_id=?))"] []
[2019-02-14 17:46:46] App.DEBUG: PDO::prepare ["SELECT * FROM `ACL`  WHERE (module = 'App\\\\FormBuilder') AND (user_id=1 or usergroup_id=1 or special_user=3) AND ((action='FC') or (action='C'))"] []
[2019-02-14 17:46:46] App.DEBUG: PDO::prepare ["SELECT * FROM `Translate`  WHERE (module is null) AND (language='zh-hk')"] []
[2019-02-14 17:46:46] App.DEBUG: PDO::prepare ["SELECT * FROM `Translate`  WHERE (module='FormBuilder') AND (language='zh-hk')"] []
[2019-02-14 17:46:46] App.DEBUG: PDO::prepare ["SELECT * FROM `UserGroup`  WHERE (usergroup_id in (select usergroup_id from UserList where user_id=?))"] []
[2019-02-14 17:46:46] App.DEBUG: PDO::prepare ["SELECT * FROM `ACL`  WHERE (module = 'FormBuilder') AND (user_id=1 or usergroup_id=1 or special_user=3) AND ((action='FC') or ((((type=0 and path='') or (type=1 and '' regexp path)))))"] []
[2019-02-14 17:46:46] App.DEBUG: PDO::prepare ["SELECT * FROM `UserGroup`  WHERE (usergroup_id in (select usergroup_id from UserList where user_id=?))"] []
[2019-02-14 17:46:46] App.DEBUG: PDO::prepare ["SELECT * FROM `ACL`  WHERE (module = 'EventLog') AND (user_id=1 or usergroup_id=1 or special_user=3) AND ((action='FC') or ((((type=0 and path='') or (type=1 and '' regexp path)))))"] []
[2019-02-14 17:46:46] App.DEBUG: PDO::prepare ["SELECT * FROM `Translate`  WHERE (module is null) AND (language='zh-hk')"] []
[2019-02-14 17:46:46] App.DEBUG: PDO::prepare ["SELECT * FROM `Translate`  WHERE (module='EventLog') AND (language='zh-hk')"] []
[2019-02-14 17:46:46] App.DEBUG: PDO::prepare ["SELECT * FROM `UI`  WHERE (user_id=1) AND (uri='fav')"] []
[2019-02-14 17:46:46] App.DEBUG: PDO::query ["DESCRIBE `UI`"] []
[2019-02-14 17:46:47] App.DEBUG: App::__construct [] []
[2019-02-14 17:46:47] App.DEBUG: PDO::prepare ["SELECT * FROM `Config` "] []
[2019-02-14 17:46:47] App.DEBUG: PDO::query ["DESCRIBE `Config`"] []
[2019-02-14 17:46:47] App.DEBUG: PDO::prepare ["SELECT * FROM `SystemValue` "] []
[2019-02-14 17:46:47] App.DEBUG: PDO::query ["DESCRIBE `SystemValue`"] []
[2019-02-14 17:46:47] App.DEBUG: App::run [] []
[2019-02-14 17:46:47] App.DEBUG: App request uri:http://127.0.0.1/alt/User/image [] []
[2019-02-14 17:46:47] App.DEBUG: invoke page [] []
[2019-02-14 17:46:47] App.DEBUG: App::__construct [] []
[2019-02-14 17:46:47] App.DEBUG: PDO::prepare ["SELECT * FROM `Config` "] []
[2019-02-14 17:46:47] App.DEBUG: PDO::query ["DESCRIBE `Config`"] []
[2019-02-14 17:46:47] App.DEBUG: PDO::prepare ["SELECT * FROM `SystemValue` "] []
[2019-02-14 17:46:47] App.DEBUG: PDO::query ["DESCRIBE `SystemValue`"] []
[2019-02-14 17:46:47] App.DEBUG: App::run [] []
[2019-02-14 17:46:47] App.DEBUG: App request uri:http://127.0.0.1/alt/User/list?t=0 [] []
[2019-02-14 17:46:47] App.DEBUG: invoke page [] []
[2019-02-14 17:46:47] App.DEBUG: PDO::query ["DESCRIBE `Module`"] []
[2019-02-14 17:46:47] App.DEBUG: PDO::query ["DESCRIBE `User`"] []
[2019-02-14 17:46:47] App.DEBUG: PDO::prepare ["UPDATE `User` SET `last_online`=:last_online WHERE (`user_id`=:user_id)"] []
[2019-02-14 17:46:47] App.DEBUG: PDO::prepare ["SELECT * FROM `UserGroup`  WHERE (name='Administrators') LIMIT 1"] []
[2019-02-14 17:46:47] App.DEBUG: PDO::query ["DESCRIBE `UserGroup`"] []
[2019-02-14 17:46:47] App.DEBUG: PDO::query ["DESCRIBE `UserList`"] []
[2019-02-14 17:46:47] App.DEBUG: PDO::prepare ["SELECT count( * ) FROM `UserList`  WHERE (`user_id`=:user_id) AND (`usergroup_id`=:usergroup_id)"] []
[2019-02-14 17:46:47] App.DEBUG: PDO::prepare ["SELECT * FROM `UserGroup`  WHERE (usergroup_id in (select usergroup_id from UserList where user_id=?))"] []
[2019-02-14 17:46:47] App.DEBUG: PDO::prepare ["SELECT * FROM `UserGroup`  WHERE (name='Guests') LIMIT 1"] []
[2019-02-14 17:46:47] App.DEBUG: PDO::prepare ["SELECT count( * ) FROM `UserList`  WHERE (`user_id`=:user_id) AND (`usergroup_id`=:usergroup_id)"] []
[2019-02-14 17:46:47] App.DEBUG: PDO::prepare ["SELECT * FROM `ACL`  WHERE (module = 'User') AND (user_id=1 or usergroup_id=1 or special_user=3) AND ((action='FC') or ((((type=0 and path='list') or (type=1 and 'list' regexp path)))))"] []
[2019-02-14 17:46:47] App.DEBUG: PDO::prepare ["SELECT * FROM `Translate`  WHERE (module is null) AND (language='zh-hk')"] []
[2019-02-14 17:46:47] App.DEBUG: PDO::prepare ["SELECT * FROM `Translate`  WHERE (module='User') AND (language='zh-hk')"] []
[2019-02-14 17:46:47] App.DEBUG: PDO::prepare ["SELECT * FROM `UserGroup` "] []
[2019-02-14 17:46:47] App.DEBUG: App::__construct [] []
[2019-02-14 17:46:47] App.DEBUG: PDO::prepare ["SELECT * FROM `Config` "] []
[2019-02-14 17:46:47] App.DEBUG: PDO::query ["DESCRIBE `Config`"] []
[2019-02-14 17:46:47] App.DEBUG: PDO::prepare ["SELECT * FROM `SystemValue` "] []
[2019-02-14 17:46:47] App.DEBUG: PDO::query ["DESCRIBE `SystemValue`"] []
[2019-02-14 17:46:47] App.DEBUG: App::run [] []
[2019-02-14 17:46:47] App.DEBUG: App request uri:http://127.0.0.1/alt/User/list/ds?t=0&_rt=1&draw=2&columns%5B0%5D%5Bname%5D=__view__&columns%5B0%5D%5BsearchMethod%5D=&columns%5B1%5D%5Bname%5D=__edit__&columns%5B1%5D%5BsearchMethod%5D=&columns%5B2%5D%5Bname%5D=__del__&columns%5B2%5D%5BsearchMethod%5D=&columns%5B3%5D%5Bname%5D=username&columns%5B3%5D%5BsearchMethod%5D=like&columns%5B4%5D%5Bname%5D=usergroup_id&columns%5B4%5D%5BsearchMethod%5D=equal&columns%5B5%5D%5Bname%5D=first_name&columns%5B5%5D%5BsearchMethod%5D=like&columns%5B6%5D%5Bname%5D=last_name&columns%5B6%5D%5BsearchMethod%5D=like&columns%5B7%5D%5Bname%5D=phone&columns%5B7%5D%5BsearchMethod%5D=like&columns%5B8%5D%5Bname%5D=email&columns%5B8%5D%5BsearchMethod%5D=like&columns%5B9%5D%5Bname%5D=status&columns%5B9%5D%5BsearchMethod%5D=equal&columns%5B10%5D%5Bname%5D=expiry_date&columns%5B10%5D%5BsearchMethod%5D=date&columns%5B11%5D%5Bname%5D=join_date&columns%5B11%5D%5BsearchMethod%5D=date&columns%5B12%5D%5Bname%5D=language&columns%5B12%5D%5BsearchMethod%5D=&columns%5B13%5D%5Bname%5D=skin&columns%5B13%5D%5BsearchMethod%5D=&columns%5B14%5D%5Bname%5D=isonline&columns%5B14%5D%5BsearchMethod%5D=&order%5B0%5D%5Bname%5D=first_name&order%5B0%5D%5Bdir%5D=desc&page=1&length=25 [] []
[2019-02-14 17:46:47] App.DEBUG: invoke page [] []
[2019-02-14 17:46:47] App.DEBUG: PDO::query ["DESCRIBE `Module`"] []
[2019-02-14 17:46:47] App.DEBUG: PDO::query ["DESCRIBE `User`"] []
[2019-02-14 17:46:47] App.DEBUG: PDO::prepare ["UPDATE `User` SET `last_online`=:last_online WHERE (`user_id`=:user_id)"] []
[2019-02-14 17:46:47] App.DEBUG: PDO::prepare ["SELECT * FROM `UserGroup`  WHERE (name='Administrators') LIMIT 1"] []
[2019-02-14 17:46:47] App.DEBUG: PDO::query ["DESCRIBE `UserGroup`"] []
[2019-02-14 17:46:47] App.DEBUG: PDO::query ["DESCRIBE `UserList`"] []
[2019-02-14 17:46:47] App.DEBUG: PDO::prepare ["SELECT count( * ) FROM `UserList`  WHERE (`user_id`=:user_id) AND (`usergroup_id`=:usergroup_id)"] []
[2019-02-14 17:46:47] App.DEBUG: PDO::prepare ["SELECT * FROM `UserGroup`  WHERE (usergroup_id in (select usergroup_id from UserList where user_id=?))"] []
[2019-02-14 17:46:47] App.DEBUG: PDO::prepare ["SELECT * FROM `UserGroup`  WHERE (name='Guests') LIMIT 1"] []
[2019-02-14 17:46:47] App.DEBUG: PDO::prepare ["SELECT count( * ) FROM `UserList`  WHERE (`user_id`=:user_id) AND (`usergroup_id`=:usergroup_id)"] []
[2019-02-14 17:46:47] App.DEBUG: PDO::prepare ["SELECT * FROM `ACL`  WHERE (module = 'User') AND (user_id=1 or usergroup_id=1 or special_user=3) AND ((action='FC') or ((((type=0 and path='list') or (type=1 and 'list' regexp path)))))"] []
[2019-02-14 17:46:47] App.DEBUG: PDO::prepare ["SELECT * FROM `User`  WHERE (status=?) ORDER BY first_name desc LIMIT 0,25"] []
[2019-02-14 17:46:47] App.DEBUG: PDO::prepare ["SELECT * FROM `UserGroup`  WHERE (name='Users') LIMIT 1"] []
[2019-02-14 17:46:47] App.DEBUG: PDO::prepare ["SELECT count( * ) FROM `UserList`  WHERE (`user_id`=:user_id) AND (`usergroup_id`=:usergroup_id)"] []
[2019-02-14 17:46:47] App.DEBUG: PDO::prepare ["SELECT * FROM `UserGroup`  WHERE (usergroup_id in (select usergroup_id from UserList where user_id=?))"] []
[2019-02-14 17:46:47] App.DEBUG: PDO::prepare ["SELECT * FROM `ACL`  WHERE (module = 'App\\\\User') AND (user_id=1 or usergroup_id=1 or special_user=3) AND ((action='FC') or (action='R'))"] []
[2019-02-14 17:46:47] App.DEBUG: PDO::prepare ["SELECT * FROM `UserGroup`  WHERE (name='Guests') LIMIT 1"] []
[2019-02-14 17:46:47] App.DEBUG: PDO::prepare ["SELECT count( * ) FROM `UserList`  WHERE (`user_id`=:user_id) AND (`usergroup_id`=:usergroup_id)"] []
[2019-02-14 17:46:47] App.DEBUG: PDO::prepare ["SELECT * FROM `UserGroup`  WHERE (usergroup_id in (select usergroup_id from UserList where user_id=?))"] []
[2019-02-14 17:46:47] App.DEBUG: PDO::prepare ["SELECT * FROM `ACL`  WHERE (module = 'App\\\\User') AND (user_id=1 or usergroup_id=1 or special_user=3) AND ((action='FC') or (action='U'))"] []
[2019-02-14 17:46:47] App.DEBUG: PDO::prepare ["SELECT * FROM `UserGroup`  WHERE (usergroup_id in (select usergroup_id from UserList where user_id=?))"] []
[2019-02-14 17:46:47] App.DEBUG: PDO::prepare ["SELECT * FROM `ACL`  WHERE (module = 'App\\\\User') AND (user_id=1 or usergroup_id=1 or special_user=3) AND ((action='FC') or (action='D'))"] []
[2019-02-14 17:46:47] App.DEBUG: PDO::prepare ["SELECT * FROM `UserGroup`  WHERE (usergroup_id in (select usergroup_id from UserList where user_id=?))"] []
[2019-02-14 17:46:47] App.DEBUG: PDO::prepare ["SELECT * FROM `UserGroup`  WHERE (usergroup_id in (select usergroup_id from UserList where user_id=?))"] []
[2019-02-14 17:46:47] App.DEBUG: PDO::prepare ["SELECT * FROM `ACL`  WHERE (module = 'App\\\\User') AND (user_id=1 or usergroup_id=1 or special_user=3) AND ((action='FC') or (action='R'))"] []
[2019-02-14 17:46:47] App.DEBUG: PDO::prepare ["SELECT * FROM `UserGroup`  WHERE (name='Guests') LIMIT 1"] []
[2019-02-14 17:46:47] App.DEBUG: PDO::prepare ["SELECT count( * ) FROM `UserList`  WHERE (`user_id`=:user_id) AND (`usergroup_id`=:usergroup_id)"] []
[2019-02-14 17:46:47] App.DEBUG: PDO::prepare ["SELECT * FROM `UserGroup`  WHERE (usergroup_id in (select usergroup_id from UserList where user_id=?))"] []
[2019-02-14 17:46:47] App.DEBUG: PDO::prepare ["SELECT * FROM `ACL`  WHERE (module = 'App\\\\User') AND (user_id=1 or usergroup_id=1 or special_user=3) AND ((action='FC') or (action='U'))"] []
[2019-02-14 17:46:47] App.DEBUG: PDO::prepare ["SELECT * FROM `UserGroup`  WHERE (usergroup_id in (select usergroup_id from UserList where user_id=?))"] []
[2019-02-14 17:46:47] App.DEBUG: PDO::prepare ["SELECT * FROM `ACL`  WHERE (module = 'App\\\\User') AND (user_id=1 or usergroup_id=1 or special_user=3) AND ((action='FC') or (action='D'))"] []
[2019-02-14 17:46:47] App.DEBUG: PDO::prepare ["SELECT * FROM `UserGroup`  WHERE (usergroup_id in (select usergroup_id from UserList where user_id=?))"] []
[2019-02-14 17:46:47] App.DEBUG: PDO::prepare ["SELECT * FROM `UserGroup`  WHERE (usergroup_id in (select usergroup_id from UserList where user_id=?))"] []
[2019-02-14 17:46:47] App.DEBUG: PDO::prepare ["SELECT * FROM `ACL`  WHERE (module = 'App\\\\User') AND (user_id=1 or usergroup_id=1 or special_user=3) AND ((action='FC') or (action='R'))"] []
[2019-02-14 17:46:47] App.DEBUG: PDO::prepare ["SELECT * FROM `UserGroup`  WHERE (name='Guests') LIMIT 1"] []
[2019-02-14 17:46:47] App.DEBUG: PDO::prepare ["SELECT count( * ) FROM `UserList`  WHERE (`user_id`=:user_id) AND (`usergroup_id`=:usergroup_id)"] []
[2019-02-14 17:46:47] App.DEBUG: PDO::prepare ["SELECT * FROM `UserGroup`  WHERE (usergroup_id in (select usergroup_id from UserList where user_id=?))"] []
[2019-02-14 17:46:47] App.DEBUG: PDO::prepare ["SELECT * FROM `ACL`  WHERE (module = 'App\\\\User') AND (user_id=1 or usergroup_id=1 or special_user=3) AND ((action='FC') or (action='U'))"] []
[2019-02-14 17:46:47] App.DEBUG: PDO::prepare ["SELECT * FROM `UserGroup`  WHERE (usergroup_id in (select usergroup_id from UserList where user_id=?))"] []
[2019-02-14 17:46:47] App.DEBUG: PDO::prepare ["SELECT * FROM `ACL`  WHERE (module = 'App\\\\User') AND (user_id=1 or usergroup_id=1 or special_user=3) AND ((action='FC') or (action='D'))"] []
[2019-02-14 17:46:47] App.DEBUG: PDO::prepare ["SELECT * FROM `UserGroup`  WHERE (usergroup_id in (select usergroup_id from UserList where user_id=?))"] []
[2019-02-14 17:46:47] App.DEBUG: PDO::prepare ["SELECT * FROM `UserGroup`  WHERE (usergroup_id in (select usergroup_id from UserList where user_id=?))"] []
[2019-02-14 17:46:47] App.DEBUG: PDO::prepare ["SELECT * FROM `ACL`  WHERE (module = 'App\\\\User') AND (user_id=1 or usergroup_id=1 or special_user=3) AND ((action='FC') or (action='R'))"] []
[2019-02-14 17:46:47] App.DEBUG: PDO::prepare ["SELECT * FROM `UserGroup`  WHERE (name='Guests') LIMIT 1"] []
[2019-02-14 17:46:47] App.DEBUG: PDO::prepare ["SELECT count( * ) FROM `UserList`  WHERE (`user_id`=:user_id) AND (`usergroup_id`=:usergroup_id)"] []
[2019-02-14 17:46:47] App.DEBUG: PDO::prepare ["SELECT * FROM `UserGroup`  WHERE (usergroup_id in (select usergroup_id from UserList where user_id=?))"] []
[2019-02-14 17:46:47] App.DEBUG: PDO::prepare ["SELECT * FROM `UserGroup`  WHERE (usergroup_id in (select usergroup_id from UserList where user_id=?))"] []
[2019-02-14 17:46:47] App.DEBUG: PDO::prepare ["SELECT * FROM `ACL`  WHERE (module = 'App\\\\User') AND (user_id=1 or usergroup_id=1 or special_user=3) AND ((action='FC') or (action='R'))"] []
[2019-02-14 17:46:47] App.DEBUG: PDO::prepare ["SELECT * FROM `UserGroup`  WHERE (usergroup_id in (select usergroup_id from UserList where user_id=?))"] []
[2019-02-14 17:46:47] App.DEBUG: PDO::prepare ["SELECT count( * ) FROM `User`  WHERE (status=?) ORDER BY first_name desc"] []
